[    0.000000] Initializing cgroup subsys cpuset
[    0.000000] Initializing cgroup subsys cpu
[    0.000000] Initializing cgroup subsys cpuacct
[    0.000000] Linux version 4.4.0-210-generic (buildd@lgw01-amd64-009) (gcc version 5.4.0 20160609 (Ubuntu 5.4.0-6ubuntu1~16.04.12) ) #242-Ubuntu SMP Fri Apr 16 09:57:56 UTC 2021 (Ubuntu 4.4.0-210.242-generic 4.4.262)
[    0.000000] Command line: BOOT_IMAGE=/boot/vmlinuz-4.4.0-210-generic root=LABEL=cloudimg-rootfs ro console=tty1 console=ttyS0
[    0.000000] KERNEL supported cpus:
[    0.000000]   Intel GenuineIntel
[    0.000000]   AMD AuthenticAMD
[    0.000000]   Centaur CentaurHauls
[    0.000000] [Firmware Bug]: TSC doesn't count with P0 frequency!
[    0.000000] x86/fpu: xstate_offset[2]:  576, xstate_sizes[2]:  256
[    0.000000] x86/fpu: Supporting XSAVE feature 0x01: 'x87 floating point registers'
[    0.000000] x86/fpu: Supporting XSAVE feature 0x02: 'SSE registers'
[    0.000000] x86/fpu: Supporting XSAVE feature 0x04: 'AVX registers'
[    0.000000] x86/fpu: Enabled xstate features 0x7, context size is 832 bytes, using 'standard' format.
[    0.000000] e820: BIOS-provided physical RAM map:
[    0.000000] BIOS-e820: [mem 0x0000000000000000-0x000000000009fbff] usable
[    0.000000] BIOS-e820: [mem 0x000000000009fc00-0x000000000009ffff] reserved
[    0.000000] BIOS-e820: [mem 0x00000000000f0000-0x00000000000fffff] reserved
[    0.000000] BIOS-e820: [mem 0x0000000000100000-0x000000005ffeffff] usable
[    0.000000] BIOS-e820: [mem 0x000000005fff0000-0x000000005fffffff] ACPI data
[    0.000000] BIOS-e820: [mem 0x00000000fec00000-0x00000000fec00fff] reserved
[    0.000000] BIOS-e820: [mem 0x00000000fee00000-0x00000000fee00fff] reserved
[    0.000000] BIOS-e820: [mem 0x00000000fffc0000-0x00000000ffffffff] reserved
[    0.000000] NX (Execute Disable) protection: active
[    0.000000] SMBIOS 2.5 present.
[    0.000000] Hypervisor detected: KVM
[    0.000000] Kernel/User page tables isolation: disabled
[    0.000000] e820: last_pfn = 0x5fff0 max_arch_pfn = 0x400000000
[    0.000000] MTRR: Disabled
[    0.000000] x86/PAT: MTRRs disabled, skipping PAT initialization too.
[    0.000000] CPU MTRRs all blank - virtualized system.
[    0.000000] x86/PAT: Configuration [0-7]: WB  WT  UC- UC  WB  WT  UC- UC  
[    0.000000] found SMP MP-table at [mem 0x0009fff0-0x0009ffff] mapped at [ffff88000009fff0]
[    0.000000] Scanning 1 areas for low memory corruption
[    0.000000] RAMDISK: [mem 0x362dc000-0x37165fff]
[    0.000000] ACPI: Early table checksum verification disabled
[    0.000000] ACPI: RSDP 0x00000000000E0000 000024 (v02 VBOX  )
[    0.000000] ACPI: XSDT 0x000000005FFF0030 00003C (v01 VBOX   VBOXXSDT 00000001 ASL  00000061)
[    0.000000] ACPI: FACP 0x000000005FFF00F0 0000F4 (v04 VBOX   VBOXFACP 00000001 ASL  00000061)
[    0.000000] ACPI: DSDT 0x000000005FFF0470 002325 (v02 VBOX   VBOXBIOS 00000002 INTL 20200925)
[    0.000000] ACPI: FACS 0x000000005FFF0200 000040
[    0.000000] ACPI: FACS 0x000000005FFF0200 000040
[    0.000000] ACPI: APIC 0x000000005FFF0240 000054 (v02 VBOX   VBOXAPIC 00000001 ASL  00000061)
[    0.000000] ACPI: SSDT 0x000000005FFF02A0 0001CC (v01 VBOX   VBOXCPUT 00000002 INTL 20200925)
[    0.000000] No NUMA configuration found
[    0.000000] Faking a node at [mem 0x0000000000000000-0x000000005ffeffff]
[    0.000000] NODE_DATA(0) allocated [mem 0x5ffeb000-0x5ffeffff]
[    0.000000] kvm-clock: Using msrs 4b564d01 and 4b564d00
[    0.000000] kvm-clock: cpu 0, msr 0:5ffe3001, primary cpu clock
[    0.000000] kvm-clock: using sched offset of 3261474174 cycles
[    0.000000] clocksource: kvm-clock: mask: 0xffffffffffffffff max_cycles: 0x1cd42e4dffb, max_idle_ns: 881590591483 ns
[    0.000000] Zone ranges:
[    0.000000]   DMA      [mem 0x0000000000001000-0x0000000000ffffff]
[    0.000000]   DMA32    [mem 0x0000000001000000-0x000000005ffeffff]
[    0.000000]   Normal   empty
[    0.000000]   Device   empty
[    0.000000] Movable zone start for each node
[    0.000000] Early memory node ranges
[    0.000000]   node   0: [mem 0x0000000000001000-0x000000000009efff]
[    0.000000]   node   0: [mem 0x0000000000100000-0x000000005ffeffff]
[    0.000000] Initmem setup node 0 [mem 0x0000000000001000-0x000000005ffeffff]
[    0.000000] ACPI: PM-Timer IO Port: 0x4008
[    0.000000] IOAPIC[0]: apic_id 1, version 32, address 0xfec00000, GSI 0-23
[    0.000000] ACPI: INT_SRC_OVR (bus 0 bus_irq 0 global_irq 2 dfl dfl)
[    0.000000] ACPI: INT_SRC_OVR (bus 0 bus_irq 9 global_irq 9 low level)
[    0.000000] Using ACPI (MADT) for SMP configuration information
[    0.000000] smpboot: Allowing 1 CPUs, 0 hotplug CPUs
[    0.000000] PM: Registered nosave memory: [mem 0x00000000-0x00000fff]
[    0.000000] PM: Registered nosave memory: [mem 0x0009f000-0x0009ffff]
[    0.000000] PM: Registered nosave memory: [mem 0x000a0000-0x000effff]
[    0.000000] PM: Registered nosave memory: [mem 0x000f0000-0x000fffff]
[    0.000000] e820: [mem 0x60000000-0xfebfffff] available for PCI devices
[    0.000000] Booting paravirtualized kernel on KVM
[    0.000000] clocksource: refined-jiffies: mask: 0xffffffff max_cycles: 0xffffffff, max_idle_ns: 7645519600211568 ns
[    0.000000] setup_percpu: NR_CPUS:512 nr_cpumask_bits:512 nr_cpu_ids:1 nr_node_ids:1
[    0.000000] PERCPU: Embedded 33 pages/cpu @ffff88005fc00000 s95192 r8192 d31784 u2097152
[    0.000000] Built 1 zonelists in Node order, mobility grouping on.  Total pages: 386936
[    0.000000] Policy zone: DMA32
[    0.000000] Kernel command line: BOOT_IMAGE=/boot/vmlinuz-4.4.0-210-generic root=LABEL=cloudimg-rootfs ro console=tty1 console=ttyS0
[    0.000000] PID hash table entries: 4096 (order: 3, 32768 bytes)
[    0.000000] Memory: 1514020K/1572408K available (8644K kernel code, 1332K rwdata, 4044K rodata, 1492K init, 1164K bss, 58388K reserved, 0K cma-reserved)
[    0.000000] SLUB: HWalign=64, Order=0-3, MinObjects=0, CPUs=1, Nodes=1
[    0.000000] Hierarchical RCU implementation.
[    0.000000] 	Build-time adjustment of leaf fanout to 64.
[    0.000000] 	RCU restricting CPUs from NR_CPUS=512 to nr_cpu_ids=1.
[    0.000000] RCU: Adjusting geometry for rcu_fanout_leaf=64, nr_cpu_ids=1
[    0.000000] NR_IRQS:33024 nr_irqs:256 16
[    0.000000] Console: colour VGA+ 80x25
[    0.000000] console [tty1] enabled
[    0.000000] console [ttyS0] enabled
[    0.000000] tsc: Detected 2370.546 MHz processor
[    0.173596] Calibrating delay loop (skipped) preset value.. 4741.09 BogoMIPS (lpj=9482184)
[    0.175896] pid_max: default: 32768 minimum: 301
[    0.177103] ACPI: Core revision 20150930
[    0.179789] ACPI: 2 ACPI AML tables successfully acquired and loaded
[    0.181519] Security Framework initialized
[    0.182562] Yama: becoming mindful.
[    0.183950] AppArmor: AppArmor initialized
[    0.186421] Dentry cache hash table entries: 262144 (order: 9, 2097152 bytes)
[    0.188645] Inode-cache hash table entries: 131072 (order: 8, 1048576 bytes)
[    0.191629] Mount-cache hash table entries: 4096 (order: 3, 32768 bytes)
[    0.193279] Mountpoint-cache hash table entries: 4096 (order: 3, 32768 bytes)
[    0.195479] Initializing cgroup subsys io
[    0.196588] Initializing cgroup subsys memory
[    0.197977] Initializing cgroup subsys devices
[    0.199141] Initializing cgroup subsys freezer
[    0.200196] Initializing cgroup subsys net_cls
[    0.201274] Initializing cgroup subsys perf_event
[    0.202955] Initializing cgroup subsys net_prio
[    0.204635] Initializing cgroup subsys hugetlb
[    0.207149] Initializing cgroup subsys pids
[    0.209470] CPU0: Hyper-Threading is disabled
[    0.220264] mce: CPU supports 0 MCE banks
[    0.221412] Last level iTLB entries: 4KB 1024, 2MB 1024, 4MB 512
[    0.222889] Last level dTLB entries: 4KB 2048, 2MB 2048, 4MB 1024, 1GB 0
[    0.224713] Spectre V1 : Mitigation: usercopy/swapgs barriers and __user pointer sanitization
[    0.227051] Spectre V2 : Spectre mitigation: LFENCE not serializing, switching to generic retpoline
[    0.229676] Spectre V2 : Mitigation: Full generic retpoline
[    0.231255] Spectre V2 : Spectre v2 / SpectreRSB mitigation: Filling RSB on context switch
[    0.251367] Freeing SMP alternatives memory: 36K
[    0.258876] ftrace: allocating 32380 entries in 127 pages
[    0.331415] smpboot: APIC(0) Converting physical 0 to logical package 0
[    0.332867] smpboot: Max logical packages: 1
[    0.333989] x2apic enabled
[    0.334823] Switched APIC routing to physical x2apic.
[    0.337077] ..TIMER: vector=0x30 apic1=0 pin1=2 apic2=-1 pin2=-1
[    0.446421] APIC calibration not consistent with PM-Timer: 97ms instead of 100ms
[    0.448259] APIC delta adjusted to PM-Timer: 6241080 (6111065)
[    0.449741] smpboot: CPU0: AMD Ryzen 5 4500U with Radeon Graphics (family: 0x17, model: 0x60, stepping: 0x1)
[    0.452160] Performance Events: Broken PMU hardware detected, using software events only.
[    0.454109] Failed to access perfctr msr (MSR c0010007 is 0)
[    0.461477] KVM setup paravirtual spinlock
[    0.463175] x86: Booted up 1 node, 1 CPUs
[    0.464229] smpboot: Total of 1 processors activated (4741.09 BogoMIPS)
[    0.466060] devtmpfs: initialized
[    0.468914] evm: security.selinux
[    0.469776] evm: security.SMACK64
[    0.470595] evm: security.SMACK64EXEC
[    0.471536] evm: security.SMACK64TRANSMUTE
[    0.472542] evm: security.SMACK64MMAP
[    0.473420] evm: security.ima
[    0.474160] evm: security.capability
[    0.475227] clocksource: jiffies: mask: 0xffffffff max_cycles: 0xffffffff, max_idle_ns: 7645041785100000 ns
[    0.477519] futex hash table entries: 256 (order: 2, 16384 bytes)
[    0.478966] pinctrl core: initialized pinctrl subsystem
[    0.480296] RTC time: 22:11:42, date: 11/18/23
[    0.481647] NET: Registered protocol family 16
[    0.482903] cpuidle: using governor ladder
[    0.483887] cpuidle: using governor menu
[    0.484903] PCCT header not found.
[    0.486030] ACPI: bus type PCI registered
[    0.487020] acpiphp: ACPI Hot Plug PCI Controller Driver version: 0.5
[    0.488597] PCI: Using configuration type 1 for base access
[    0.489863] PCI: Using configuration type 1 for extended access
[    0.492591] ACPI: Added _OSI(Module Device)
[    0.493799] ACPI: Added _OSI(Processor Device)
[    0.494903] ACPI: Added _OSI(3.0 _SCP Extensions)
[    0.496097] ACPI: Added _OSI(Processor Aggregator Device)
[    0.502317] ACPI: Executed 1 blocks of module-level executable AML code
[    0.505575] ACPI: Interpreter enabled
[    0.506466] ACPI: (supports S0 S5)
[    0.507272] ACPI: Using IOAPIC for interrupt routing
[    0.508567] PCI: Using host bridge windows from ACPI; if necessary, use "pci=nocrs" and report a bug
[    0.513419] ACPI: PCI Root Bridge [PCI0] (domain 0000 [bus 00-ff])
[    0.514805] acpi PNP0A03:00: _OSC: OS supports [ExtendedConfig ASPM ClockPM Segments MSI]
[    0.517299] acpi PNP0A03:00: _OSC: platform does not support [PCIeCapability]
[    0.519147] acpi PNP0A03:00: _OSC: not requesting control; platform does not support [PCIeCapability]
[    0.521337] acpi PNP0A03:00: _OSC: OS requested [PCIeHotplug PME AER PCIeCapability]
[    0.523185] acpi PNP0A03:00: _OSC: platform willing to grant [PCIeHotplug PME AER]
[    0.525077] acpi PNP0A03:00: _OSC failed (AE_SUPPORT); disabling ASPM
[    0.526783] PCI host bridge to bus 0000:00
[    0.527797] pci_bus 0000:00: root bus resource [io  0x0000-0x0cf7 window]
[    0.536124] pci_bus 0000:00: root bus resource [io  0x0d00-0xffff window]
[    0.537643] pci_bus 0000:00: root bus resource [mem 0x000a0000-0x000bffff window]
[    0.539409] pci_bus 0000:00: root bus resource [mem 0x60000000-0xfdffffff window]
[    0.541257] pci_bus 0000:00: root bus resource [bus 00-ff]
[    0.543793] pci 0000:00:01.1: legacy IDE quirk: reg 0x10: [io  0x01f0-0x01f7]
[    0.545433] pci 0000:00:01.1: legacy IDE quirk: reg 0x14: [io  0x03f6]
[    0.547093] pci 0000:00:01.1: legacy IDE quirk: reg 0x18: [io  0x0170-0x0177]
[    0.548660] pci 0000:00:01.1: legacy IDE quirk: reg 0x1c: [io  0x0376]
[    0.574487] pci 0000:00:07.0: quirk: [io  0x4000-0x403f] claimed by PIIX4 ACPI
[    0.576379] pci 0000:00:07.0: quirk: [io  0x4100-0x410f] claimed by PIIX4 SMB
[    0.594005] ACPI: PCI Interrupt Link [LNKA] (IRQs 5 9 10 *11)
[    0.596116] ACPI: PCI Interrupt Link [LNKB] (IRQs 5 9 *10 11)
[    0.597759] ACPI: PCI Interrupt Link [LNKC] (IRQs 5 *9 10 11)
[    0.599396] ACPI: PCI Interrupt Link [LNKD] (IRQs 5 9 10 *11)
[    0.601209] ACPI: Enabled 2 GPEs in block 00 to 07
[    0.602675] vgaarb: setting as boot device: PCI:0000:00:02.0
[    0.603939] vgaarb: device added: PCI:0000:00:02.0,decodes=io+mem,owns=io+mem,locks=none
[    0.606014] vgaarb: loaded
[    0.607940] vgaarb: bridge control possible 0000:00:02.0
[    0.610097] SCSI subsystem initialized
[    0.613224] ACPI: bus type USB registered
[    0.614317] usbcore: registered new interface driver usbfs
[    0.615358] usbcore: registered new interface driver hub
[    0.616370] usbcore: registered new device driver usb
[    0.617551] PCI: Using ACPI for IRQ routing
[    0.618662] NetLabel: Initializing
[    0.619500] NetLabel:  domain hash size = 128
[    0.620439] NetLabel:  protocols = UNLABELED CIPSOv4
[    0.621413] NetLabel:  unlabeled traffic allowed by default
[    0.622905] amd_nb: Cannot enumerate AMD northbridges
[    0.624102] clocksource: Switched to clocksource kvm-clock
[    0.645261] AppArmor: AppArmor Filesystem Enabled
[    0.646435] pnp: PnP ACPI init
[    0.647881] pnp: PnP ACPI: found 3 devices
[    0.654578] clocksource: acpi_pm: mask: 0xffffff max_cycles: 0xffffff, max_idle_ns: 2085701024 ns
[    0.656676] NET: Registered protocol family 2
[    0.666201] TCP established hash table entries: 16384 (order: 5, 131072 bytes)
[    0.668605] TCP bind hash table entries: 16384 (order: 6, 262144 bytes)
[    0.670817] TCP: Hash tables configured (established 16384 bind 16384)
[    0.673869] UDP hash table entries: 1024 (order: 3, 32768 bytes)
[    0.677252] UDP-Lite hash table entries: 1024 (order: 3, 32768 bytes)
[    0.680385] NET: Registered protocol family 1
[    0.682638] pci 0000:00:00.0: Limiting direct PCI/PCI transfers
[    0.685029] pci 0000:00:01.0: Activating ISA DMA hang workarounds
[    0.687524] Unpacking initramfs...
[    1.186458] Freeing initrd memory: 14888K
[    1.187428] clocksource: tsc: mask: 0xffffffffffffffff max_cycles: 0x222b87224d9, max_idle_ns: 440795207169 ns
[    1.189258] platform rtc_cmos: registered platform RTC device (no PNP device found)
[    1.190712] Scanning for low memory corruption every 60 seconds
[    1.210892] audit: initializing netlink subsys (disabled)
[    1.211852] audit: type=2000 audit(1700345507.830:1): initialized
[    1.214206] Initialise system trusted keyring
[    1.215154] HugeTLB registered 2 MB page size, pre-allocated 0 pages
[    1.217300] zbud: loaded
[    1.218302] VFS: Disk quotas dquot_6.6.0
[    1.219071] VFS: Dquot-cache hash table entries: 512 (order 0, 4096 bytes)
[    1.226022] squashfs: version 4.0 (2009/01/31) Phillip Lougher
[    1.227285] fuse init (API version 7.23)
[    1.229196] Key type big_key registered
[    1.229968] Allocating IMA MOK and blacklist keyrings.
[    1.231125] Key type asymmetric registered
[    1.231913] Asymmetric key parser 'x509' registered
[    1.242055] Block layer SCSI generic (bsg) driver version 0.4 loaded (major 249)
[    1.243459] io scheduler noop registered
[    1.244259] io scheduler deadline registered (default)
[    1.245232] io scheduler cfq registered
[    1.246104] pci_hotplug: PCI Hot Plug PCI Core version: 0.5
[    1.247085] pciehp: PCI Express Hot Plug Controller Driver version: 0.4
[    1.253260] ACPI: AC Adapter [AC] (on-line)
[    1.254144] input: Power Button as /devices/LNXSYSTM:00/LNXPWRBN:00/input/input0
[    1.257821] ACPI: Power Button [PWRF]
[    1.259279] input: Sleep Button as /devices/LNXSYSTM:00/LNXSLPBN:00/input/input1
[    1.260891] ACPI: Sleep Button [SLPF]
[    1.262273] ACPI: Battery Slot [BAT0] (battery present)
[    1.263287] GHES: HEST is not enabled!
[    1.275331] Serial: 8250/16550 driver, 32 ports, IRQ sharing enabled
[    1.312782] 00:02: ttyS0 at I/O 0x3f8 (irq = 4, base_baud = 115200) is a 16550A
[    1.326196] Linux agpgart interface v0.103
[    1.327929] loop: module loaded
[    1.329168] scsi host0: ata_piix
[    1.329853] scsi host1: ata_piix
[    1.330479] ata1: PATA max UDMA/33 cmd 0x1f0 ctl 0x3f6 bmdma 0xd000 irq 14
[    1.331551] ata2: PATA max UDMA/33 cmd 0x170 ctl 0x376 bmdma 0xd008 irq 15
[    1.333070] libphy: Fixed MDIO Bus: probed
[    1.333809] tun: Universal TUN/TAP device driver, 1.6
[    1.334639] tun: (C) 1999-2004 Max Krasnyansky <maxk@qualcomm.com>
[    1.348486] PPP generic driver version 2.4.2
[    1.349409] ehci_hcd: USB 2.0 'Enhanced' Host Controller (EHCI) Driver
[    1.350495] ehci-pci: EHCI PCI platform driver
[    1.351332] ehci-platform: EHCI generic platform driver
[    1.352313] ohci_hcd: USB 1.1 'Open' Host Controller (OHCI) Driver
[    1.353358] ohci-pci: OHCI PCI platform driver
[    1.354153] ohci-platform: OHCI generic platform driver
[    1.355051] uhci_hcd: USB Universal Host Controller Interface driver
[    1.356316] i8042: PNP: PS/2 Controller [PNP0303:PS2K,PNP0f03:PS2M] at 0x60,0x64 irq 1,12
[    1.358292] serio: i8042 KBD port at 0x60,0x64 irq 1
[    1.359162] serio: i8042 AUX port at 0x60,0x64 irq 12
[    1.360212] mousedev: PS/2 mouse device common for all mice
[    1.373499] input: AT Translated Set 2 keyboard as /devices/platform/i8042/serio0/input/input2
[    1.375475] rtc_cmos rtc_cmos: rtc core: registered rtc_cmos as rtc0
[    1.376690] rtc_cmos rtc_cmos: alarms up to one day, 114 bytes nvram
[    1.377814] i2c /dev entries driver
[    1.378517] device-mapper: uevent: version 1.0.3
[    1.379435] device-mapper: ioctl: 4.34.0-ioctl (2015-10-28) initialised: dm-devel@redhat.com
[    1.381014] ledtrig-cpu: registered to indicate activity on CPUs
[    1.393293] NET: Registered protocol family 10
[    1.394609] NET: Registered protocol family 17
[    1.395529] Key type dns_resolver registered
[    1.396609] registered taskstats version 1
[    1.397535] Loading compiled-in X.509 certificates
[    1.398996] Loaded X.509 cert 'Build time autogenerated kernel key: cf00e047681d67edb2720680708b7d9498083038'
[    1.400984] zswap: loaded using pool lzo/zbud
[    1.403311] Key type trusted registered
[    1.409327] Key type encrypted registered
[    1.421350] AppArmor: AppArmor sha1 policy hashing enabled
[    1.422334] ima: No TPM chip found, activating TPM-bypass!
[    1.423454] ima: Allocated hash algorithm: sha1
[    1.424464] evm: HMAC attrs: 0x1
[    1.425540]   Magic number: 15:335:199
[    1.426333] rtc_cmos rtc_cmos: setting system clock to 2023-11-18 22:11:43 UTC (1700345503)
[    1.433717] BIOS EDD facility v0.16 2004-Jun-25, 0 devices found
[    1.434842] EDD information not available.
[    1.525180] Freeing unused kernel memory: 1492K
[    1.526012] Write protecting the kernel read-only data: 14336k
[    1.527390] Freeing unused kernel memory: 1584K
[    1.528393] Freeing unused kernel memory: 52K
Loading, please wait...
starting version 229
[    1.541086] random: udevadm: uninitialized urandom read (16 bytes read, 3 bits of entropy available)
[    1.542681] random: udevadm: uninitialized urandom read (16 bytes read, 3 bits of entropy available)
[    1.544878] random: systemd-udevd: uninitialized urandom read (16 bytes read, 3 bits of entropy available)
[    1.546607] random: systemd-udevd: uninitialized urandom read (16 bytes read, 3 bits of entropy available)
[    1.548261] random: systemd-udevd: uninitialized urandom read (16 bytes read, 3 bits of entropy available)
[    1.549899] random: systemd-udevd: uninitialized urandom read (16 bytes read, 3 bits of entropy available)
[    1.558697] random: systemd-udevd: uninitialized urandom read (16 bytes read, 3 bits of entropy available)
[    1.560501] random: systemd-udevd: uninitialized urandom read (16 bytes read, 3 bits of entropy available)
[    1.562093] random: systemd-udevd: uninitialized urandom read (16 bytes read, 3 bits of entropy available)
[    1.565710] random: systemd-udevd: uninitialized urandom read (16 bytes read, 3 bits of entropy available)
[    1.632954] e1000: Intel(R) PRO/1000 Network Driver - version 7.3.21-k8-NAPI
[    1.634230] e1000: Copyright (c) 1999-2006 Intel Corporation.
[    1.641302] Fusion MPT base driver 3.04.20
[    1.642160] Copyright (c) 1999-2008 LSI Corporation
[    1.659119] Fusion MPT SPI Host driver 3.04.20
[    1.741518] AVX2 version of gcm_enc/dec engaged.
[    1.742419] AES CTR mode by8 optimization enabled
[    1.860052] input: ImExPS/2 Generic Explorer Mouse as /devices/platform/i8042/serio1/input/input4
[    2.179259] e1000 0000:00:03.0 eth0: (PCI:33MHz:32-bit) 02:be:82:6b:cc:1d
[    2.187727] e1000 0000:00:03.0 eth0: Intel(R) PRO/1000 Network Connection
[    2.189898] mptbase: ioc0: Initiating bringup
[    2.252326] ioc0: LSI53C1030 A0: Capabilities={Initiator}
[    2.413835] scsi host2: ioc0: LSI53C1030 A0, FwRev=00000000h, Ports=1, MaxQ=256, IRQ=20
[    2.525532] scsi 2:0:0:0: Direct-Access     VBOX     HARDDISK         1.0  PQ: 0 ANSI: 5
[    2.535010] scsi target2:0:0: Beginning Domain Validation
[    2.549137] scsi target2:0:0: Domain Validation skipping write tests
[    2.550249] scsi target2:0:0: Ending Domain Validation
[    2.551215] scsi target2:0:0: asynchronous
[    2.552322] scsi 2:0:1:0: Direct-Access     VBOX     HARDDISK         1.0  PQ: 0 ANSI: 5
[    2.553906] scsi target2:0:1: Beginning Domain Validation
[    2.661019] scsi target2:0:1: Domain Validation skipping write tests
[    2.662180] scsi target2:0:1: Ending Domain Validation
[    2.663299] scsi target2:0:1: asynchronous
[    2.963356] sd 2:0:0:0: Attached scsi generic sg0 type 0
[    2.964573] sd 2:0:0:0: [sda] 83886080 512-byte logical blocks: (42.9 GB/40.0 GiB)
[    2.966248] sd 2:0:1:0: [sdb] 20480 512-byte logical blocks: (10.5 MB/10.0 MiB)
[    2.967923] sd 2:0:1:0: Attached scsi generic sg1 type 0
[    2.984999] sd 2:0:0:0: [sda] Write Protect is off
[    2.986058] sd 2:0:1:0: [sdb] Write Protect is off
[    2.991287] sd 2:0:0:0: [sda] Incomplete mode parameter data
[    3.001506] sd 2:0:0:0: [sda] Assuming drive cache: write through
[    3.031592] sd 2:0:1:0: [sdb] Incomplete mode parameter data
[    3.032712] sd 2:0:1:0: [sdb] Assuming drive cache: write through
[    3.034412]  sda: sda1
[    3.035406] sd 2:0:0:0: [sda] Attached SCSI disk
[    3.047517] sd 2:0:1:0: [sdb] Attached SCSI disk
[    3.263697] e1000 0000:00:08.0 eth1: (PCI:33MHz:32-bit) 08:00:27:8a:21:c3
[    3.264977] e1000 0000:00:08.0 eth1: Intel(R) PRO/1000 Network Connection
[    3.272511] e1000 0000:00:08.0 enp0s8: renamed from eth1
[    3.276043] e1000 0000:00:03.0 enp0s3: renamed from eth0
Begin: Loading essential drivers ... [    4.733141] md: linear personality registered for level -1
[    4.738142] md: multipath personality registered for level -4
[    4.744345] md: raid0 personality registered for level 0
[    4.751003] md: raid1 personality registered for level 1
[    4.824202] raid6: sse2x1   gen()  4675 MB/s
[    4.892179] raid6: sse2x1   xor()  5363 MB/s
[    4.960187] raid6: sse2x2   gen() 10346 MB/s
[    5.028224] raid6: sse2x2   xor()  5940 MB/s
[    5.096150] raid6: sse2x4   gen() 10402 MB/s
[    5.164218] raid6: sse2x4   xor()  6548 MB/s
[    5.232192] raid6: avx2x1   gen() 12793 MB/s
[    5.300192] raid6: avx2x2   gen() 20357 MB/s
[    5.368149] raid6: avx2x4   gen() 21770 MB/s
[    5.369341] raid6: using algorithm avx2x4 gen() 21770 MB/s
[    5.370637] raid6: using avx2x2 recovery algorithm
[    5.373832] xor: automatically using best checksumming function:
[    5.412165]    avx       : 10861.000 MB/sec
[    5.415078] async_tx: api initialized (async)
[    5.428537] md: raid6 personality registered for level 6
[    5.429875] md: raid5 personality registered for level 5
[    5.431151] md: raid4 personality registered for level 4
[    5.438238] md: raid10 personality registered for level 10
done.
Begin: Running /scripts/init-premount ... done.
Begin: Mounting root file system ... Begin: Running /scripts/local-top ... done.
Begin: Running /scripts/local-premount ... [    5.475712] Btrfs loaded
Scanning for Btrfs filesystems
done.
Warning: fsck not present, so skipping root file system
[    5.521700] EXT4-fs (sda1): mounted filesystem with ordered data mode. Opts: (null)
done.
Begin: Running /scripts/local-bottom ... done.
Begin: Running /scripts/init-bottom ... done.
[    5.663887] systemd[1]: systemd 229 running in system mode. (+PAM +AUDIT +SELINUX +IMA +APPARMOR +SMACK +SYSVINIT +UTMP +LIBCRYPTSETUP +GCRYPT +GNUTLS +ACL +XZ -LZ4 +SECCOMP +BLKID +ELFUTILS +KMOD -IDN)
[    5.673070] systemd[1]: Detected virtualization oracle.
[    5.680333] systemd[1]: Detected architecture x86-64.

Welcome to [1mUbuntu 16.04.7 LTS[0m!

[    5.688214] systemd[1]: Set hostname to <ubuntu>.
[    5.693665] systemd[1]: Initializing machine ID from random generator.
[    5.695240] systemd[1]: Installed transient /etc/machine-id file.
[    5.961398] systemd[1]: Listening on Journal Socket (/dev/log).
[[0;32m  OK  [0m] Listening on Journal Socket (/dev/log).
[    5.968103] systemd[1]: Reached target Encrypted Volumes.
[[0;32m  OK  [0m] Reached target Encrypted Volumes.
[    5.973516] systemd[1]: Listening on Journal Socket.
[[0;32m  OK  [0m] Listening on Journal Socket.
[    5.978799] systemd[1]: Listening on /dev/initctl Compatibility Named Pipe.
[[0;32m  OK  [0m] Listening on /dev/initctl Compatibility Named Pipe.
[    5.989776] systemd[1]: Started Trigger resolvconf update for networkd DNS.
[[0;32m  OK  [0m] Started Trigger resolvconf update for networkd DNS.
[    5.999588] systemd[1]: Created slice System Slice.
[[0;32m  OK  [0m] Created slice System Slice.
[    6.004203] systemd[1]: Starting Create list of required static device nodes for the current kernel...
         Starting Create list of required st... nodes for the current kernel...
[    6.021320] systemd[1]: Starting Nameserver information manager...
         Starting Nameserver information manager...
[    6.034241] systemd[1]: Created slice system-serial\x2dgetty.slice.
[[0;32m  OK  [0m] Created slice system-serial\x2dgetty.slice.
[    6.052471] systemd[1]: Listening on udev Control Socket.
[[0;32m  OK  [0m] Listening on udev Control Socket.
[    6.054374] systemd[1]: Listening on Device-mapper event daemon FIFOs.
[[0;32m  OK  [0m] Listening on Device-mapper event daemon FIFOs.
[    6.064624] systemd[1]: Listening on LVM2 poll daemon socket.
[[0;32m  OK  [0m] Listening on LVM2 poll daemon socket.
[    6.067582] systemd[1]: Mounting Debug File System...
         Mounting Debug File System...
[    6.069366] systemd[1]: Listening on udev Kernel Socket.
[[0;32m  OK  [0m] Listening on udev Kernel Socket.
[    6.073670] systemd[1]: Created slice User and Session Slice.
[[0;32m  OK  [0m] Created slice User and Session Slice.
[    6.077050] systemd[1]: Started Forward Password Requests to Wall Directory Watch.
[[0;32m  OK  [0m] Started Forward Password Requests to Wall Directory Watch.
[    6.083560] systemd[1]: Mounting Huge Pages File System...
         Mounting Huge Pages File System...
[    6.099475] systemd[1]: Starting Load Kernel Modules...
         Starting Load Kernel Modules...
[    6.102710] systemd[1]: Reached target Swap.
[[0;32m  OK  [0[    6.128823] Loading iSCSI transport class v2.0-870.
m] Reached target Swap.
[    6.150893] systemd[1]: Mounting POSIX Message Queue File System...
[    6.156167] random: nonblocking pool is initialized
         Mounting POSIX Message Queue File System...
[    6.159835] systemd[1]: Listening on Journal Audit Socket.
[[0;32m  OK  [0m] Listening on Journal Audit Socket.
[    6.168267] systemd[1]: Starting Set console keymap...
         Starting Set console keymap...
[    6.179919] iscsi: registered transport (tcp)
[    6.180971] systemd[1]: Reached target System Time Synchronized.
[[0;32m  OK  [0m] Reached target System Time Synchronized.
[    6.182935] systemd[1]: Listening on fsck to fsckd communication Socket.
[[0;32m  OK  [0m] Listening on fsck to fsckd communication Socket.
[    6.188033] systemd[1]: Starting File System Check on Root Device...
         Starting File System Check on Root Device...
[    6.213207] systemd[1]: Listening on LVM2 metadata daemon socket.
[[0;32m  OK  [0m] Listening on LVM2 metadata daemon socket.
[    6.224771] systemd[1]: Starting Monitoring of LVM2 mirrors, snapshots etc. using dmeventd or progress polling...
         Starting Monitoring of LVM2 mirrors... dmeventd or progress polling...
[    6.250724] systemd[1]: Listening on Syslog Socket.
[[0;32m  OK  [0m] Listening on Syslog Socket.
[    6.263428] systemd[1]: Starting Journal Service...
         Starting Journal Service...
[    6.273484] systemd[1]: Reached target Slices.
[[0;32m  OK  [0m] Reached target Slices.
[    6.284204] systemd[1]: Set up automount Arbitrary Executable File Formats File System Automount Point.
[[0;32m  OK  [0m] Set up automount Arbitrary Executab...ats File System Automount Point.
[    6.295491] systemd[1]: Reached target User and Group Name Lookups.
[[0;32m  OK  [0m] Reached target User and Group Name Lookups.
[    6.304964] systemd[1]: Starting Uncomplicated firewall...
         Starting Uncomplicated firewall...
[    6.314839] systemd[1]: Mounted Huge Pages File System.
[[0;32m  OK  [0m] Mounted Huge Pages File System.
[    6.337362] systemd[1]: Mounted POSIX Message Queue File System.
[[0;32m  OK  [0m] Mounted POSIX Message Queue File System.
[    6.341335] systemd[1]: Mounted Debug File System.
[[0;32m  OK  [0m] Mounted Debug File System.
[    6.349406] systemd[1]: Started Create list of required static device nodes for the current kernel.
[[0;32m  OK  [0m] Started Create list of required sta...ce nodes for the current kernel.
[    6.371176] systemd[1]: Started Uncomplicated firewall.
[[0;32m  OK  [0m] Started Uncomplicated firewall.
[    6.381588] systemd[1]: Started File System Check Daemon to report status.
[[0;32m  OK  [0m] Started File System Check Daemon to report status.
[    6.402085] systemd[1]: Starting Create Static Device Nodes in /dev...
         Starting Create Static Device Nodes in /dev...
[    6.421255] systemd[1]: Started Nameserver information manager.
[[0;32m  OK  [0m] Started Nameserver information manager.
[    6.476123] iscsi: registered transport (iser)
[    6.482825] systemd[1]: Started File System Check on Root Device.
[[0;32m  OK  [0m] Started File System Check on Root Device.
[    6.509722] systemd[1]: Starting Remount Root and Kernel File Systems...
         Starting Remount Root and Kernel File Systems...
[    6.532557] systemd[1]: Started Create Static Device Nodes in /dev.
[[0;32m  OK  [0m] Started Create Static Device Nodes in /dev.
[    6.548793] systemd[1]: Started Journal Service.
[[0;32m  OK  [0m] Started Journal Service.
         Starting udev Kernel Device Manager...
[[0;32m  OK  [0m] Started LVM2 metadata daemon.
[[0;32m  OK  [0m] Started Load Kernel Modules.
         Starting Apply Kernel Variables...
         Mounting FUSE Control File System...
[    6.600389] EXT4-fs (sda1): re-mounted. Opts: (null)
[[0;32m  OK  [0m] Mounted FUSE Control File System.
[[0;32m  OK  [0m] Started Apply Kernel Variables.
[[0;32m  OK  [0m] Started Remount Root and Kernel File Systems.
         Starting Flush Journal to Persistent Storage...
         Starting udev Coldplug all Devices...
         Starting Load/Save Random Seed...
[[0;32m  OK  [0m] Started Load/Save Random Seed.
[[0;32m  OK  [0m] Started Flush Journal to Persistent Storage.
[[0;32m  OK  [0m] Started udev Kernel Device Manager.
[[0;32m  OK  [0m] Started Set console keymap.
[[0;32m  OK  [0m] Started udev Coldplug all Devices.
[[0;32m  OK  [0m] Started Dispatch Password Requests to Console Directory Watch.
[[0;32m  OK  [0m] Started Monitoring of LVM2 mirrors,...ng dmeventd or progress polling.
[[0;32m  OK  [0m] Reached target Local File Systems (Pre).
[[0;32m  OK  [0m] Reached target Local File Systems.
         Starting Commit a transient machine-id on disk...
         Starting Initial cloud-init job (pre-networking)...
         Starting Set console font and keymap...
         Starting Create Volatile Files and Directories...
         Starting Tell Plymouth To Write Out Runtime Data...
         Starting LSB: AppArmor initialization...
[[0;32m  OK  [0m] Started Commit a transient machine-id on disk.
[[0;32m  OK  [0m] Started Tell Plymouth To Write Out Runtime Data.
[[0;32m  OK  [0m] Started Create Volatile Files and Directories.
         Starting Update UTMP about System Boot/Shutdown...
[[0;32m  OK  [0m] Started Update UTMP about System Boot/Shutdown.
[[0;32m  OK  [0m] Found device /dev/ttyS0.
[[0;32m  OK  [0m] Listening on Load/Save RF Kill Switch Status /dev/rfkill Watch.
[[0;32m  OK  [0m] Started Set console font and keymap.
[[0;32m  OK  [0m] Created slice system-getty.slice.
[    9.652642] cloud-init[514]: Cloud-init v. 21.1-19-gbad84ad4-0ubuntu1~16.04.2 running 'init-local' at Sat, 18 Nov 2023 22:11:51 +0000. Up 8.96 seconds.
[[0;32m  OK  [0m] Started Initial cloud-init job (pre-networking).
[[0;32m  OK  [0m] Reached target Network (Pre).
[[0;32m  OK  [0m] Started LSB: AppArmor initialization.
         Starting Raise network interfaces...
         Starting Load AppArmor profiles managed internally by snapd...
[[0;32m  OK  [0m] Started Load AppArmor profiles managed internally by snapd.
[[0;32m  OK  [0m] Started Raise network interfaces.
[[0;32m  OK  [0m] Reached target Network.
         Starting Initial cloud-init job (metadata service crawler)...
[   11.367372] cloud-init[963]: Cloud-init v. 21.1-19-gbad84ad4-0ubuntu1~16.04.2 running 'init' at Sat, 18 Nov 2023 22:11:52 +0000. Up 10.56 seconds.
[   11.368756] cloud-init[963]: ci-info: ++++++++++++++++++++++++++++++++++++++Net device info+++++++++++++++++++++++++++++++++++++++
[   11.372365] cloud-init[963]: ci-info: +--------+-------+----------------------------+---------------+--------+-------------------+
[   11.380579] cloud-init[963]: ci-info: | Device |   Up  |          Address           |      Mask     | Scope  |     Hw-Address    |
[   11.381675] cloud-init[963]: ci-info: +--------+-------+----------------------------+---------------+--------+-------------------+
[   11.392523] cloud-init[963]: ci-info: | enp0s3 |  True |         10.0.2.15          | 255.255.255.0 | global | 02:be:82:6b:cc:1d |
[   11.396462] cloud-init[963]: ci-info: | enp0s3 |  True | fe80::be:82ff:fe6b:cc1d/64 |       .       |  link  | 02:be:82:6b:cc:1d |
[   11.397449] cloud-init[963]: ci-info: | enp0s8 | False |             .              |       .       |   .    | 08:00:27:8a:21:c3 |
[   11.398486] cloud-init[963]: ci-info: |   lo   |  True |         127.0.0.1          |   255.0.0.0   |  host  |         .         |
[   11.399536] cloud-init[963]: ci-info: |   lo   |  True |          ::1/128           |       .       |  host  |         .         |
[   11.412511] cloud-init[963]: ci-info: +--------+-------+----------------------------+---------------+--------+-------------------+
[   11.413692] cloud-init[963]: ci-info: +++++++++++++++++++++++++++Route IPv4 info++++++++++++++++++++++++++++
[   11.414618] cloud-init[963]: ci-info: +-------+-------------+----------+---------------+-----------+-------+
[   11.416424] cloud-init[963]: ci-info: | Route | Destination | Gateway  |    Genmask    | Interface | Flags |
[   11.417366] cloud-init[963]: ci-info: +-------+-------------+----------+---------------+-----------+-------+
[   11.432604] cloud-init[963]: ci-info: |   0   |   0.0.0.0   | 10.0.2.2 |    0.0.0.0    |   enp0s3  |   UG  |
[   11.447893] cloud-init[963]: ci-info: |   1   |   10.0.2.0  | 0.0.0.0  | 255.255.255.0 |   enp0s3  |   U   |
[   11.469787] cloud-init[963]: ci-info: +-------+-------------+----------+---------------+-----------+-------+
[   11.472319] cloud-init[963]: ci-info: +++++++++++++++++++Route IPv6 info+++++++++++++++++++
[   11.476386] cloud-init[963]: ci-info: +-------+-------------+---------+-----------+-------+
[   11.480403] cloud-init[963]: ci-info: | Route | Destination | Gateway | Interface | Flags |
[   11.484493] cloud-init[963]: ci-info: +-------+-------------+---------+-----------+-------+
[   11.492211] cloud-init[963]: ci-info: |   0   |  fe80::/64  |    ::   |   enp0s3  |   U   |
[   11.494398] cloud-init[963]: ci-info: |   3   |   ff00::/8  |    ::   |   enp0s3  |   U   |[[0;32m  OK  [0m] Started Initial cloud-init job (metadata service crawler).
[[0;32m  OK  [0m] Reached target System Initialization.
[
[   11.500325] cloud-init[963]: ci-info: +-------+-------------+---------+-----------+-------+
[   11.501910] cloud-init[963]: Generating public/private rsa key pair.
[   11.503271] cloud-init[963]: Your identification has been saved in /etc/ssh/ssh_host_rsa_key.[0;32m  OK  [0m] Listening on UUID daemon activation socket.
[[0;32m  OK  [0m] Started Daily apt download activities.
[[0;32m  OK  [0m] Listening on ACPID Listen Socket.
[[0;32m  OK  [0m] Started Daily Cleanup of Temporary Directories.
         Starting Socket activation for snappy daemon.
[[0;32m  OK  [0m] Started Ubuntu Advantage update messaging.
[   11.516731] cloud-init[963]: Your public key has been saved in /etc/ssh/ssh_host_rsa_key.pub.
[   11.518436] cloud-init[963]: The key fingerprint is:
[   11.519517] cloud-init[963]: 
[[0;32m  OK  [0m] Started Message of the Day.
SHA256:CF9ErFk1Sn3h7ariUVjzxOqqqUivZi6tA5/BfUnKwP8 root@ubuntu-xenial
         Starting LXD - unix socket.
[   11.524234] cloud-init[963]: The key's randomart image is:
[   11.527082] cloud-init[963]: +---[RSA 2048]----+
[[0;32m  OK  [0m] Started ACPI Events Check.
[   11.529834] cloud-init[963]: |       o+oo ..   |
[[0;32m  OK  [0m] Reached target Paths.
[   11.532289] cloud-init[963]: |       oo..+..   |
[[0;32m  OK  [0m] Listening on D-Bus System Message Bus Socket.
[   11.535119] cloud-init[963]: | .  .  +o o.+ .  |
[   11.536387] cloud-init[963]: |  o  o+o o = .   |
[[0;32m  OK  [0m] Started Daily apt upgrade and clean activities.
[   11.539038] cloud-init[963]: | . = oo.S o . .  |
[[0;32m  OK  [0m] Reached target Timers.
[[0;32m  OK  [0m] Reached target Network is Online.
         Starting iSCSI initiator daemon (iscsid)...
[[0;32m  OK  [0m[   11.544358] cloud-init[963]: |. o = o  o   .   |
[   11.545369] cloud-init[963]: |.o.o o  . . .    |
[   11.546395] cloud-init[963]: |o.*o  E..o .     |
[   11.547383] cloud-init[963]: |.B+.o.ooo..      |] Reached target Cloud-config availability.

[[0;32m  OK  [0m] Listening on Socket activation for snappy daemon.[   11.553252] 
[[0;32m  OK  [0m] Listening on LXD - unix socket.cloud-init[963]: 
[[0;32m  OK  [0m] Reached target Sockets.
[[0;32m  OK  [0m+----[SHA256]-----+
[   11.562093] cloud-init[963]: Generating public/private dsa key pair.] 
[   11.568713] Reached target Basic System.
cloud-init[963]: Your identification has been saved in /etc/ssh/ssh_host_dsa_key.[[0;32m  OK  [0m] Started Regular background program processing daemon.

[[0;32m  OK  [0m] Started ACPI event daemon.
         Starting LXD - container startup/shutdown...
         Starting /etc/rc.local Compatibility...
[   11.583488] cloud-init[963]: Your public key has been saved in /etc/ssh/ssh_host_dsa_key.pub.
[   11.588501] cloud-init[963]: The key fingerprint is:
         Starting LSB: MD monitoring daemon...
         Starting Virtualbox guest utils...
[[0;32m  OK  [0m] Started Deferred execution scheduler.
         Starting Login Service...
         Starting LSB: Record successful boot for GRUB...
         Starting Accounts Service...
         Starting Pollinate to seed the pseudo random number generator...[   11.614476] cloud-init[963]: SHA256:9xxa8fZsnLQv5h2oowDtBh0cFGmtm+zAph33zIODcg8 root@ubuntu-xenial
         Starting System Logging Service...
[[0;32m  OK  [0m] Started D-Bus System Message Bus.

[   11.685342] cloud-init[963]: The key's randomart image is:
[   11.700222] cloud-init[963]: +---[DSA 1024]----+
[   11.710575] cloud-init[963]: |      .++        |
[   11.712320] cloud-init[963]: |      .o..       |
[   11.722360] cloud-init[963]: |      .o.   .    |
[   11.737232] cloud-init[963]: |      o..    o   |
[   11.740693] cloud-init[963]: |    .o.oS . o o. |
[   11.745608] cloud-init[963]: |     =+= . = oo+o|
[   11.748723] cloud-init[963]: |    +E*+= . o. +=|
[   11.749553] cloud-init[963]: |   o +o+.= .. ooo|
[   11.750457] cloud-init[963]: |    o ....o..o..o|
[   11.753745] cloud-init[963]: +----[SHA256]-----+
[   11.757675] cloud-init[963]: Generating public/private ecdsa key pair.
[   11.758556] cloud-init[963]: Your identification has been saved in /etc/ssh/ssh_host_ecdsa_key.
[   11.760747] cloud-init[963]: Your public key has been saved in /etc/ssh/ssh_host_ecdsa_key.pub.
[   11.763924] cloud-init[963]: The key fingerprint is:
[   11.771645] cloud-init[963]: SHA256:IBMmm7JS3LDVMvuWGZcymW025e8Wjc9U3s+Kagu8ni0 root@ubuntu-xenial
[   11.773271] cloud-init[963]: The key's randomart image is:
[   11.792401] cloud-init[963]: +---[ECDSA 256]---+
[   11.793616] cloud-init[963]: |  o +.           |
[   11.793923] cloud-init[963]: | . Xo..   .      |
[   11.793966] cloud-init[963]: |. * ++.+ +       |
[   11.794003] cloud-init[963]: | +  .o*.B .     .|
[   11.795110] cloud-init[963]: |o    . XS. . o o.|
[[0;32m  OK  [0m] Started FUSE filesystem for LXC.
         Starting Snap Daemon...
[[0;32m  OK  [0m] Started System Logging Service.
[[0;32m  OK  [0m] Started /etc/rc.local Compatibility.
[[0;32m  OK  [0m] Started Login Service.
[[0;32m  OK  [0m] Started Unattended Upgrades Shutdown.
[[0;32m  OK  [0m] Started iSCSI initiator daemon (iscsid).
         Starting Login to default iSCSI targets...
[   11.920950] cloud-init[963]: |.     =.    + o o|
[[0;32m  OK  [0m] Started LSB: Record successful boot for GRUB.
[[0;32m  OK  [0m] Started Login to default iSCSI targets.
[[0;32m  OK  [0m] Reached target Remote File Systems (Pre).
[[0;32m  OK  [0m] Reached target Remote File Systems.
         Starting LSB: automatic crash report generation...
[   11.964250] cloud-init[963]: |     .  o  . = ..|
         Starting LSB: Set the CPU Frequency Scaling governor to "ondemand"...
         Starting LSB: daemon to balance interrupts for SMP systems...
         Starting Permit User Sessions...
[   12.011815] [[0;32m  OK  [0m] Started Permit User Sessions.
         Starting Hold until boot process finishes up...
         Starting Terminate Plymouth Boot Screen...
[[0;32m  OK  [0m] Started Hold until boot process finishes up.
cloud-init[963]: |        E=. o.o o|
         Starting Set console scheme...
[[0;32m  OK  [0m] Started Getty on tty1.
[[0;32m  OK  [0m] Started Serial Getty on ttyS0.
[   12.058035] cloud-init[963]: |       .+o++. .. |
[[0;32m  OK  [0m] Reached target Login Prompts.
[[0;32m  OK  [0m] Started Terminate Plymouth Boot Screen.
[[0;32m  OK  [0m] Started Set console scheme.
[   12.256987] cloud-init[963]: +----[SHA256]-----+[[0;32m  OK  [0m] Started LXD - container startup/shutdown.
         Starting Authenticate and Authorize Users to Run Privileged Tasks...
[[0;32m  OK  [0m] Started LSB: MD monitoring daemon.

[   12.381937] cloud-init[963]: Generating public/private ed25519 key pair.
[[0;32m  OK  [0m] Started LSB: Set the CPU Frequency Scaling governor to "ondemand".
[   12.434779] cloud-init[963]: Your identification has been saved in /etc/ssh/ssh_host_ed25519_key.
[   12.438112] cloud-init[963]: Your public key has been saved in /etc/ssh/ssh_host_ed25519_key.pub.
[   12.439526] cloud-init[963]: The key fingerprint is:
[   12.444872] cloud-init[963]: SHA256:1PEPQSnTRdQwbqt8qzArMFjt0wAxyqEjPGAwQ9OF39U root@ubuntu-xenial
[   12.446745] cloud-init[963]: The key's randomart image is:
[   12.449901] cloud-init[963]: +--[ED25519 256]--+
[   12.456657] cloud-init[963]: |B+. +.o.  ooo=*o |
[   12.458172] cloud-init[963]: |+o.= o.. ooEoo ..|
[[0;32m  OK  [0m] Started LSB: daemon to balance interrupts for SMP systems.
[[0;32m  OK  [0m] Started Authenticate and Authorize Users to Run Privileged Tasks.
[   12.480955] cloud-init[963]: |.oo + .oo .oo o  |
[[0;32m  OK  [0m] Started Accounts Service.
[   12.489410] cloud-init[963]: | ... ..oo    + . |
[   12.499122] cloud-init[963]: |     o .So    o  |
[   12.503593] cloud-init[963]: |    . o o .. .   |
[   12.509066] cloud-init[963]: |       o .o o .  |
[   12.512468] cloud-init[963]: |        .  + . . |
[[0;32m  OK  [0m] Started LSB: automatic crash report generation.
[   12.543189] cloud-init[963]: |         .. ...  |
[   12.551774] cloud-init[963]: +----[SHA256]-----+
[[0;32m  OK  [0m] Started Virtualbox guest utils.
[[0;32m  OK  [0m] Started Snap Daemon.
         Starting Wait until snapd is fully seeded...
[[0;32m  OK  [0m] Started Pollinate to seed the pseudo random number generator.
         Starting OpenBSD Secure Shell server...
[[0;32m  OK  [0m] Started OpenBSD Secure Shell server.
[[0;32m  OK  [0m] Created slice User Slice of vagrant.
         Starting User Manager for UID 1000...
[[0;32m  OK  [0m] Started Session 1 of user vagrant.
[[0;32m  OK  [0m] Started User Manager for UID 1000.
[[0;32m  OK  [0m] Started Wait until snapd is fully seeded.
         Starting Apply the settings specified in cloud-config...
[[0;32m  OK  [0m] Reached target Multi-User System.
[[0;32m  OK  [0m] Reached target Graphical Interface.
         Starting Update UTMP about System Runlevel Changes...
[[0;32m  OK  [0m] Started Update UTMP about System Runlevel Changes.
[   18.075951] cloud-init[1410]: Generating locales (this might take a while)...

Ubuntu 16.04.7 LTS ubuntu-xenial ttyS0

ubuntu-xenial login: [   19.466425] cloud-init[1410]:   en_US.UTF-8... done
[   19.467556] cloud-init[1410]: Generation complete.
[   19.791703] cloud-init[1410]: Cloud-init v. 21.1-19-gbad84ad4-0ubuntu1~16.04.2 running 'modules:config' at Sat, 18 Nov 2023 22:11:58 +0000. Up 16.09 seconds.
ci-info: no authorized SSH keys fingerprints found for user ubuntu.
<14>Nov 18 22:12:02 ec2: 
<14>Nov 18 22:12:02 ec2: #############################################################
<14>Nov 18 22:12:02 ec2: -----BEGIN SSH HOST KEY FINGERPRINTS-----
<14>Nov 18 22:12:02 ec2: 1024 SHA256:9xxa8fZsnLQv5h2oowDtBh0cFGmtm+zAph33zIODcg8 root@ubuntu-xenial (DSA)
<14>Nov 18 22:12:02 ec2: 256 SHA256:IBMmm7JS3LDVMvuWGZcymW025e8Wjc9U3s+Kagu8ni0 root@ubuntu-xenial (ECDSA)
<14>Nov 18 22:12:02 ec2: 256 SHA256:1PEPQSnTRdQwbqt8qzArMFjt0wAxyqEjPGAwQ9OF39U root@ubuntu-xenial (ED25519)
<14>Nov 18 22:12:02 ec2: 2048 SHA256:CF9ErFk1Sn3h7ariUVjzxOqqqUivZi6tA5/BfUnKwP8 root@ubuntu-xenial (RSA)
<14>Nov 18 22:12:02 ec2: -----END SSH HOST KEY FINGERPRINTS-----
<14>Nov 18 22:12:02 ec2: #############################################################
-----BEGIN SSH HOST KEY KEYS-----
ecdsa-sha2-nistp256 AAAAE2VjZHNhLXNoYTItbmlzdHAyNTYAAAAIbmlzdHAyNTYAAABBBNaF2p+mY9YAX+IDw/Q/dnNtYlUrg1Mov7EyIAG1B/X5bS5ptNVymXOjy+5KNP/7OWj96nxDCsQGl4cXamtncDM= root@ubuntu-xenial
ssh-ed25519 AAAAC3NzaC1lZDI1NTE5AAAAIK9yehByCXZL80trFf5DwYyb1O07aZC/MSU+1dr34zcV root@ubuntu-xenial
ssh-rsa AAAAB3NzaC1yc2EAAAADAQABAAABAQDQGcOqIf/9YwiLoNqDm4eWv8/20cg0stJrrzFq8bZuprr2YepqoKk19J628hCZ/Dtzt1CeJ/4tTxEGIkZQQbLfOZH8uHKaqOD+imC5T2l/u2V5U8fu+hlz65Rhr0DaVTHBmlEUfDtayE3sK7Jud/v5zcPsV0Z4/TldAqK/Fo6NOaQNGVaqJCbUMEcQwU2m+TwepcNXSCj0I0Z6QH6tUTRBr7YUBtN6o97ZPluKzJyBjYgnheWW7999QPyb/ZL5BP1oGSkGHNabrXFbEHIhxemVX0Fs56SGCNuqK27UYK2cWcJzeUkf33qpC/qCDzoRcY2YJFv3C6FFY8kiRy6RtWpj root@ubuntu-xenial
-----END SSH HOST KEY KEYS-----
[   20.403637] cloud-init[1621]: Cloud-init v. 21.1-19-gbad84ad4-0ubuntu1~16.04.2 running 'modules:final' at Sat, 18 Nov 2023 22:12:02 +0000. Up 20.21 seconds.
[   20.404819] cloud-init[1621]: ci-info: no authorized SSH keys fingerprints found for user ubuntu.
[   20.405537] cloud-init[1621]: Cloud-init v. 21.1-19-gbad84ad4-0ubuntu1~16.04.2 finished at Sat, 18 Nov 2023 22:12:02 +0000. Datasource DataSourceNoCloud [seed=/dev/sdb][dsmode=net].  Up 20.39 seconds
