[    0.000000] Initializing cgroup subsys cpuset
[    0.000000] Initializing cgroup subsys cpu
[    0.000000] Initializing cgroup subsys cpuacct
[    0.000000] Linux version 4.4.0-210-generic (buildd@lgw01-amd64-009) (gcc version 5.4.0 20160609 (Ubuntu 5.4.0-6ubuntu1~16.04.12) ) #242-Ubuntu SMP Fri Apr 16 09:57:56 UTC 2021 (Ubuntu 4.4.0-210.242-generic 4.4.262)
[    0.000000] Command line: BOOT_IMAGE=/boot/vmlinuz-4.4.0-210-generic root=LABEL=cloudimg-rootfs ro console=tty1 console=ttyS0
[    0.000000] KERNEL supported cpus:
[    0.000000]   Intel GenuineIntel
[    0.000000]   AMD AuthenticAMD
[    0.000000]   Centaur CentaurHauls
[    0.000000] [Firmware Bug]: TSC doesn't count with P0 frequency!
[    0.000000] x86/fpu: xstate_offset[2]:  576, xstate_sizes[2]:  256
[    0.000000] x86/fpu: Supporting XSAVE feature 0x01: 'x87 floating point registers'
[    0.000000] x86/fpu: Supporting XSAVE feature 0x02: 'SSE registers'
[    0.000000] x86/fpu: Supporting XSAVE feature 0x04: 'AVX registers'
[    0.000000] x86/fpu: Enabled xstate features 0x7, context size is 832 bytes, using 'standard' format.
[    0.000000] e820: BIOS-provided physical RAM map:
[    0.000000] BIOS-e820: [mem 0x0000000000000000-0x000000000009fbff] usable
[    0.000000] BIOS-e820: [mem 0x000000000009fc00-0x000000000009ffff] reserved
[    0.000000] BIOS-e820: [mem 0x00000000000f0000-0x00000000000fffff] reserved
[    0.000000] BIOS-e820: [mem 0x0000000000100000-0x00000000dffeffff] usable
[    0.000000] BIOS-e820: [mem 0x00000000dfff0000-0x00000000dfffffff] ACPI data
[    0.000000] BIOS-e820: [mem 0x00000000fec00000-0x00000000fec00fff] reserved
[    0.000000] BIOS-e820: [mem 0x00000000fee00000-0x00000000fee00fff] reserved
[    0.000000] BIOS-e820: [mem 0x00000000fffc0000-0x00000000ffffffff] reserved
[    0.000000] BIOS-e820: [mem 0x0000000100000000-0x00000001dfffffff] usable
[    0.000000] NX (Execute Disable) protection: active
[    0.000000] SMBIOS 2.5 present.
[    0.000000] Hypervisor detected: KVM
[    0.000000] Kernel/User page tables isolation: disabled
[    0.000000] e820: last_pfn = 0x1e0000 max_arch_pfn = 0x400000000
[    0.000000] MTRR: Disabled
[    0.000000] x86/PAT: MTRRs disabled, skipping PAT initialization too.
[    0.000000] CPU MTRRs all blank - virtualized system.
[    0.000000] x86/PAT: Configuration [0-7]: WB  WT  UC- UC  WB  WT  UC- UC  
[    0.000000] e820: last_pfn = 0xdfff0 max_arch_pfn = 0x400000000
[    0.000000] found SMP MP-table at [mem 0x0009fff0-0x0009ffff] mapped at [ffff88000009fff0]
[    0.000000] Scanning 1 areas for low memory corruption
[    0.000000] RAMDISK: [mem 0x362dc000-0x37165fff]
[    0.000000] ACPI: Early table checksum verification disabled
[    0.000000] ACPI: RSDP 0x00000000000E0000 000024 (v02 VBOX  )
[    0.000000] ACPI: XSDT 0x00000000DFFF0030 00003C (v01 VBOX   VBOXXSDT 00000001 ASL  00000061)
[    0.000000] ACPI: FACP 0x00000000DFFF00F0 0000F4 (v04 VBOX   VBOXFACP 00000001 ASL  00000061)
[    0.000000] ACPI: DSDT 0x00000000DFFF0480 002325 (v02 VBOX   VBOXBIOS 00000002 INTL 20200925)
[    0.000000] ACPI: FACS 0x00000000DFFF0200 000040
[    0.000000] ACPI: FACS 0x00000000DFFF0200 000040
[    0.000000] ACPI: APIC 0x00000000DFFF0240 00006C (v02 VBOX   VBOXAPIC 00000001 ASL  00000061)
[    0.000000] ACPI: SSDT 0x00000000DFFF02B0 0001CC (v01 VBOX   VBOXCPUT 00000002 INTL 20200925)
[    0.000000] No NUMA configuration found
[    0.000000] Faking a node at [mem 0x0000000000000000-0x00000001dfffffff]
[    0.000000] NODE_DATA(0) allocated [mem 0x1dfff6000-0x1dfffafff]
[    0.000000] kvm-clock: Using msrs 4b564d01 and 4b564d00
[    0.000000] kvm-clock: cpu 0, msr 1:dffee001, primary cpu clock
[    0.000000] kvm-clock: using sched offset of 2965557102 cycles
[    0.000000] clocksource: kvm-clock: mask: 0xffffffffffffffff max_cycles: 0x1cd42e4dffb, max_idle_ns: 881590591483 ns
[    0.000000] Zone ranges:
[    0.000000]   DMA      [mem 0x0000000000001000-0x0000000000ffffff]
[    0.000000]   DMA32    [mem 0x0000000001000000-0x00000000ffffffff]
[    0.000000]   Normal   [mem 0x0000000100000000-0x00000001dfffffff]
[    0.000000]   Device   empty
[    0.000000] Movable zone start for each node
[    0.000000] Early memory node ranges
[    0.000000]   node   0: [mem 0x0000000000001000-0x000000000009efff]
[    0.000000]   node   0: [mem 0x0000000000100000-0x00000000dffeffff]
[    0.000000]   node   0: [mem 0x0000000100000000-0x00000001dfffffff]
[    0.000000] Initmem setup node 0 [mem 0x0000000000001000-0x00000001dfffffff]
[    0.000000] ACPI: PM-Timer IO Port: 0x4008
[    0.000000] IOAPIC[0]: apic_id 4, version 32, address 0xfec00000, GSI 0-23
[    0.000000] ACPI: INT_SRC_OVR (bus 0 bus_irq 0 global_irq 2 dfl dfl)
[    0.000000] ACPI: INT_SRC_OVR (bus 0 bus_irq 9 global_irq 9 low level)
[    0.000000] Using ACPI (MADT) for SMP configuration information
[    0.000000] smpboot: Allowing 4 CPUs, 0 hotplug CPUs
[    0.000000] PM: Registered nosave memory: [mem 0x00000000-0x00000fff]
[    0.000000] PM: Registered nosave memory: [mem 0x0009f000-0x0009ffff]
[    0.000000] PM: Registered nosave memory: [mem 0x000a0000-0x000effff]
[    0.000000] PM: Registered nosave memory: [mem 0x000f0000-0x000fffff]
[    0.000000] PM: Registered nosave memory: [mem 0xdfff0000-0xdfffffff]
[    0.000000] PM: Registered nosave memory: [mem 0xe0000000-0xfebfffff]
[    0.000000] PM: Registered nosave memory: [mem 0xfec00000-0xfec00fff]
[    0.000000] PM: Registered nosave memory: [mem 0xfec01000-0xfedfffff]
[    0.000000] PM: Registered nosave memory: [mem 0xfee00000-0xfee00fff]
[    0.000000] PM: Registered nosave memory: [mem 0xfee01000-0xfffbffff]
[    0.000000] PM: Registered nosave memory: [mem 0xfffc0000-0xffffffff]
[    0.000000] e820: [mem 0xe0000000-0xfebfffff] available for PCI devices
[    0.000000] Booting paravirtualized kernel on KVM
[    0.000000] clocksource: refined-jiffies: mask: 0xffffffff max_cycles: 0xffffffff, max_idle_ns: 7645519600211568 ns
[    0.000000] setup_percpu: NR_CPUS:512 nr_cpumask_bits:512 nr_cpu_ids:4 nr_node_ids:1
[    0.000000] PERCPU: Embedded 33 pages/cpu @ffff8801dfc00000 s95192 r8192 d31784 u524288
[    0.000000] Built 1 zonelists in Node order, mobility grouping on.  Total pages: 1806200
[    0.000000] Policy zone: Normal
[    0.000000] Kernel command line: BOOT_IMAGE=/boot/vmlinuz-4.4.0-210-generic root=LABEL=cloudimg-rootfs ro console=tty1 console=ttyS0
[    0.000000] PID hash table entries: 4096 (order: 3, 32768 bytes)
[    0.000000] Memory: 7124612K/7339576K available (8644K kernel code, 1332K rwdata, 4044K rodata, 1492K init, 1164K bss, 214964K reserved, 0K cma-reserved)
[    0.000000] SLUB: HWalign=64, Order=0-3, MinObjects=0, CPUs=4, Nodes=1
[    0.000000] Hierarchical RCU implementation.
[    0.000000] 	Build-time adjustment of leaf fanout to 64.
[    0.000000] 	RCU restricting CPUs from NR_CPUS=512 to nr_cpu_ids=4.
[    0.000000] RCU: Adjusting geometry for rcu_fanout_leaf=64, nr_cpu_ids=4
[    0.000000] NR_IRQS:33024 nr_irqs:456 16
[    0.000000] Console: colour VGA+ 80x25
[    0.000000] console [tty1] enabled
[    0.000000] console [ttyS0] enabled
[    0.000000] tsc: Detected 2370.546 MHz processor
[    0.198932] Calibrating delay loop (skipped) preset value.. 4741.09 BogoMIPS (lpj=9482184)
[    0.200073] pid_max: default: 32768 minimum: 301
[    0.200711] ACPI: Core revision 20150930
[    0.201950] ACPI: 2 ACPI AML tables successfully acquired and loaded
[    0.202693] Security Framework initialized
[    0.203169] Yama: becoming mindful.
[    0.203613] AppArmor: AppArmor initialized
[    0.205096] Dentry cache hash table entries: 1048576 (order: 11, 8388608 bytes)
[    0.210033] Inode-cache hash table entries: 524288 (order: 10, 4194304 bytes)
[    0.212190] Mount-cache hash table entries: 16384 (order: 5, 131072 bytes)
[    0.213160] Mountpoint-cache hash table entries: 16384 (order: 5, 131072 bytes)
[    0.214391] Initializing cgroup subsys io
[    0.214991] Initializing cgroup subsys memory
[    0.215592] Initializing cgroup subsys devices
[    0.216233] Initializing cgroup subsys freezer
[    0.216838] Initializing cgroup subsys net_cls
[    0.217447] Initializing cgroup subsys perf_event
[    0.218059] Initializing cgroup subsys net_prio
[    0.218657] Initializing cgroup subsys hugetlb
[    0.219229] Initializing cgroup subsys pids
[    0.227138] mce: CPU supports 0 MCE banks
[    0.227751] Last level iTLB entries: 4KB 1024, 2MB 1024, 4MB 512
[    0.228544] Last level dTLB entries: 4KB 2048, 2MB 2048, 4MB 1024, 1GB 0
[    0.229712] Spectre V1 : Mitigation: usercopy/swapgs barriers and __user pointer sanitization
[    0.230833] Spectre V2 : Spectre mitigation: LFENCE not serializing, switching to generic retpoline
[    0.232033] Spectre V2 : Mitigation: Full generic retpoline
[    0.232815] Spectre V2 : Spectre v2 / SpectreRSB mitigation: Filling RSB on context switch
[    0.235421] Freeing SMP alternatives memory: 36K
[    0.239907] ftrace: allocating 32380 entries in 127 pages
[    0.283720] smpboot: APIC(0) Converting physical 0 to logical package 0
[    0.284589] smpboot: Max logical packages: 1
[    0.285371] x2apic enabled
[    0.285961] Switched APIC routing to physical x2apic.
[    0.287349] ..TIMER: vector=0x30 apic1=0 pin1=2 apic2=-1 pin2=-1
[    0.396361] smpboot: CPU0: AMD Ryzen 5 4500U with Radeon Graphics (family: 0x17, model: 0x60, stepping: 0x1)
[    0.397754] Performance Events: Broken PMU hardware detected, using software events only.
[    0.398796] Failed to access perfctr msr (MSR c0010007 is 0)
[    0.403855] KVM setup paravirtual spinlock
[    0.406310] x86: Booting SMP configuration:
[    0.406952] .... node  #0, CPUs:      #1
[    0.407759] kvm-clock: cpu 1, msr 1:dffee041, secondary cpu clock
[    0.415568] mce: CPU supports 0 MCE banks
[    0.417988]  #2
[    0.418715] kvm-clock: cpu 2, msr 1:dffee081, secondary cpu clock
[    0.427996] mce: CPU supports 0 MCE banks
[    0.430880]  #3
[    0.431456] kvm-clock: cpu 3, msr 1:dffee0c1, secondary cpu clock
[    0.440625] mce: CPU supports 0 MCE banks
[    0.443666] x86: Booted up 1 node, 4 CPUs
[    0.444549] smpboot: Total of 4 processors activated (18964.36 BogoMIPS)
[    0.446131] devtmpfs: initialized
[    0.448479] evm: security.selinux
[    0.449088] evm: security.SMACK64
[    0.449705] evm: security.SMACK64EXEC
[    0.450321] evm: security.SMACK64TRANSMUTE
[    0.450989] evm: security.SMACK64MMAP
[    0.451588] evm: security.ima
[    0.452109] evm: security.capability
[    0.452905] clocksource: jiffies: mask: 0xffffffff max_cycles: 0xffffffff, max_idle_ns: 7645041785100000 ns
[    0.454454] futex hash table entries: 1024 (order: 4, 65536 bytes)
[    0.455476] pinctrl core: initialized pinctrl subsystem
[    0.456369] RTC time: 21:59:36, date: 11/18/23
[    0.457406] NET: Registered protocol family 16
[    0.466525] cpuidle: using governor ladder
[    0.475515] cpuidle: using governor menu
[    0.476837] PCCT header not found.
[    0.478360] ACPI: bus type PCI registered
[    0.479458] acpiphp: ACPI Hot Plug PCI Controller Driver version: 0.5
[    0.482389] PCI: Using configuration type 1 for base access
[    0.483850] PCI: Using configuration type 1 for extended access
[    0.499304] ACPI: Added _OSI(Module Device)
[    0.500011] ACPI: Added _OSI(Processor Device)
[    0.500726] ACPI: Added _OSI(3.0 _SCP Extensions)
[    0.501373] ACPI: Added _OSI(Processor Aggregator Device)
[    0.502361] ACPI: Executed 1 blocks of module-level executable AML code
[    0.504602] ACPI: Interpreter enabled
[    0.505181] ACPI: (supports S0 S5)
[    0.505660] ACPI: Using IOAPIC for interrupt routing
[    0.506365] PCI: Using host bridge windows from ACPI; if necessary, use "pci=nocrs" and report a bug
[    0.509477] ACPI: PCI Root Bridge [PCI0] (domain 0000 [bus 00-ff])
[    0.510254] acpi PNP0A03:00: _OSC: OS supports [ExtendedConfig ASPM ClockPM Segments MSI]
[    0.517440] acpi PNP0A03:00: _OSC: platform does not support [PCIeCapability]
[    0.518427] acpi PNP0A03:00: _OSC: not requesting control; platform does not support [PCIeCapability]
[    0.519651] acpi PNP0A03:00: _OSC: OS requested [PCIeHotplug PME AER PCIeCapability]
[    0.520643] acpi PNP0A03:00: _OSC: platform willing to grant [PCIeHotplug PME AER]
[    0.521707] acpi PNP0A03:00: _OSC failed (AE_SUPPORT); disabling ASPM
[    0.522571] PCI host bridge to bus 0000:00
[    0.523122] pci_bus 0000:00: root bus resource [io  0x0000-0x0cf7 window]
[    0.524029] pci_bus 0000:00: root bus resource [io  0x0d00-0xffff window]
[    0.524914] pci_bus 0000:00: root bus resource [mem 0x000a0000-0x000bffff window]
[    0.525837] pci_bus 0000:00: root bus resource [mem 0xe0000000-0xfdffffff window]
[    0.526826] pci_bus 0000:00: root bus resource [bus 00-ff]
[    0.528296] pci 0000:00:01.1: legacy IDE quirk: reg 0x10: [io  0x01f0-0x01f7]
[    0.529106] pci 0000:00:01.1: legacy IDE quirk: reg 0x14: [io  0x03f6]
[    0.529940] pci 0000:00:01.1: legacy IDE quirk: reg 0x18: [io  0x0170-0x0177]
[    0.530707] pci 0000:00:01.1: legacy IDE quirk: reg 0x1c: [io  0x0376]
[    0.625823] pci 0000:00:07.0: quirk: [io  0x4000-0x403f] claimed by PIIX4 ACPI
[    0.627060] pci 0000:00:07.0: quirk: [io  0x4100-0x410f] claimed by PIIX4 SMB
[    0.689058] ACPI: PCI Interrupt Link [LNKA] (IRQs 5 9 10 *11)
[    0.692002] ACPI: PCI Interrupt Link [LNKB] (IRQs 5 9 *10 11)
[    0.694902] ACPI: PCI Interrupt Link [LNKC] (IRQs 5 *9 10 11)
[    0.697721] ACPI: PCI Interrupt Link [LNKD] (IRQs 5 9 10 *11)
[    0.700769] ACPI: Enabled 2 GPEs in block 00 to 07
[    0.703067] vgaarb: setting as boot device: PCI:0000:00:02.0
[    0.704737] vgaarb: device added: PCI:0000:00:02.0,decodes=io+mem,owns=io+mem,locks=none
[    0.707394] vgaarb: loaded
[    0.708596] vgaarb: bridge control possible 0000:00:02.0
[    0.711027] SCSI subsystem initialized
[    0.712990] ACPI: bus type USB registered
[    0.714353] usbcore: registered new interface driver usbfs
[    0.716086] usbcore: registered new interface driver hub
[    0.717903] usbcore: registered new device driver usb
[    0.720616] PCI: Using ACPI for IRQ routing
[    0.721602] NetLabel: Initializing
[    0.722224] NetLabel:  domain hash size = 128
[    0.722953] NetLabel:  protocols = UNLABELED CIPSOv4
[    0.723755] NetLabel:  unlabeled traffic allowed by default
[    0.724865] amd_nb: Cannot enumerate AMD northbridges
[    0.725785] clocksource: Switched to clocksource kvm-clock
[    0.732454] AppArmor: AppArmor Filesystem Enabled
[    0.733203] pnp: PnP ACPI init
[    0.734080] pnp: PnP ACPI: found 3 devices
[    0.744330] clocksource: acpi_pm: mask: 0xffffff max_cycles: 0xffffff, max_idle_ns: 2085701024 ns
[    0.747305] NET: Registered protocol family 2
[    0.748886] TCP established hash table entries: 65536 (order: 7, 524288 bytes)
[    0.752433] TCP bind hash table entries: 65536 (order: 8, 1048576 bytes)
[    0.756285] TCP: Hash tables configured (established 65536 bind 65536)
[    0.758419] UDP hash table entries: 4096 (order: 5, 131072 bytes)
[    0.760584] UDP-Lite hash table entries: 4096 (order: 5, 131072 bytes)
[    0.762958] NET: Registered protocol family 1
[    0.764674] pci 0000:00:00.0: Limiting direct PCI/PCI transfers
[    0.766830] pci 0000:00:01.0: Activating ISA DMA hang workarounds
[    0.770087] Unpacking initramfs...
[    0.963975] Freeing initrd memory: 14888K
[    0.964818] PCI-DMA: Using software bounce buffering for IO (SWIOTLB)
[    0.965570] software IO TLB: mapped [mem 0xdbff0000-0xdfff0000] (64MB)
[    0.966559] clocksource: tsc: mask: 0xffffffffffffffff max_cycles: 0x222b87224d9, max_idle_ns: 440795207169 ns
[    0.967972] platform rtc_cmos: registered platform RTC device (no PNP device found)
[    0.969007] Scanning for low memory corruption every 60 seconds
[    0.970843] audit: initializing netlink subsys (disabled)
[    0.972604] audit: type=2000 audit(1700344781.728:1): initialized
[    0.974913] Initialise system trusted keyring
[    0.977166] HugeTLB registered 2 MB page size, pre-allocated 0 pages
[    0.982286] zbud: loaded
[    0.984053] VFS: Disk quotas dquot_6.6.0
[    0.985265] VFS: Dquot-cache hash table entries: 512 (order 0, 4096 bytes)
[    0.987628] squashfs: version 4.0 (2009/01/31) Phillip Lougher
[    0.990390] fuse init (API version 7.23)
[    0.991931] Key type big_key registered
[    0.993297] Allocating IMA MOK and blacklist keyrings.
[    0.997685] Key type asymmetric registered
[    0.998484] Asymmetric key parser 'x509' registered
[    0.999122] Block layer SCSI generic (bsg) driver version 0.4 loaded (major 249)
[    1.000439] io scheduler noop registered
[    1.000949] io scheduler deadline registered (default)
[    1.001587] io scheduler cfq registered
[    1.002337] pci_hotplug: PCI Hot Plug PCI Core version: 0.5
[    1.002980] pciehp: PCI Express Hot Plug Controller Driver version: 0.4
[    1.003837] ACPI: AC Adapter [AC] (on-line)
[    1.004432] input: Power Button as /devices/LNXSYSTM:00/LNXPWRBN:00/input/input0
[    1.005323] ACPI: Power Button [PWRF]
[    1.005852] input: Sleep Button as /devices/LNXSYSTM:00/LNXSLPBN:00/input/input1
[    1.006921] ACPI: Sleep Button [SLPF]
[    1.007665] GHES: HEST is not enabled!
[    1.008185] ACPI: Battery Slot [BAT0] (battery present)
[    1.008951] Serial: 8250/16550 driver, 32 ports, IRQ sharing enabled
[    1.029931] 00:02: ttyS0 at I/O 0x3f8 (irq = 4, base_baud = 115200) is a 16550A
[    1.032566] Linux agpgart interface v0.103
[    1.035349] loop: module loaded
[    1.038402] scsi host0: ata_piix
[    1.039841] scsi host1: ata_piix
[    1.040995] ata1: PATA max UDMA/33 cmd 0x1f0 ctl 0x3f6 bmdma 0xd000 irq 14
[    1.042041] ata2: PATA max UDMA/33 cmd 0x170 ctl 0x376 bmdma 0xd008 irq 15
[    1.043095] libphy: Fixed MDIO Bus: probed
[    1.043901] tun: Universal TUN/TAP device driver, 1.6
[    1.044790] tun: (C) 1999-2004 Max Krasnyansky <maxk@qualcomm.com>
[    1.045808] PPP generic driver version 2.4.2
[    1.046540] ehci_hcd: USB 2.0 'Enhanced' Host Controller (EHCI) Driver
[    1.047544] ehci-pci: EHCI PCI platform driver
[    1.048204] ehci-platform: EHCI generic platform driver
[    1.049009] ohci_hcd: USB 1.1 'Open' Host Controller (OHCI) Driver
[    1.049919] ohci-pci: OHCI PCI platform driver
[    1.050578] ohci-platform: OHCI generic platform driver
[    1.051351] uhci_hcd: USB Universal Host Controller Interface driver
[    1.052316] i8042: PNP: PS/2 Controller [PNP0303:PS2K,PNP0f03:PS2M] at 0x60,0x64 irq 1,12
[    1.053909] serio: i8042 KBD port at 0x60,0x64 irq 1
[    1.054703] serio: i8042 AUX port at 0x60,0x64 irq 12
[    1.055642] mousedev: PS/2 mouse device common for all mice
[    1.056724] input: AT Translated Set 2 keyboard as /devices/platform/i8042/serio0/input/input2
[    1.058336] rtc_cmos rtc_cmos: rtc core: registered rtc_cmos as rtc0
[    1.059297] rtc_cmos rtc_cmos: alarms up to one day, 114 bytes nvram
[    1.060257] i2c /dev entries driver
[    1.060891] device-mapper: uevent: version 1.0.3
[    1.061688] device-mapper: ioctl: 4.34.0-ioctl (2015-10-28) initialised: dm-devel@redhat.com
[    1.063021] ledtrig-cpu: registered to indicate activity on CPUs
[    1.064734] NET: Registered protocol family 10
[    1.065996] NET: Registered protocol family 17
[    1.067672] Key type dns_resolver registered
[    1.070202] registered taskstats version 1
[    1.071427] Loading compiled-in X.509 certificates
[    1.072571] Loaded X.509 cert 'Build time autogenerated kernel key: cf00e047681d67edb2720680708b7d9498083038'
[    1.074224] zswap: loaded using pool lzo/zbud
[    1.076695] Key type trusted registered
[    1.081090] Key type encrypted registered
[    1.081648] AppArmor: AppArmor sha1 policy hashing enabled
[    1.082414] ima: No TPM chip found, activating TPM-bypass!
[    1.083074] ima: Allocated hash algorithm: sha1
[    1.083673] evm: HMAC attrs: 0x1
[    1.084392]   Magic number: 15:56:1006
[    1.084907] memory memory45: hash matches
[    1.085471] rtc_cmos rtc_cmos: setting system clock to 2023-11-18 21:59:37 UTC (1700344777)
[    1.086624] BIOS EDD facility v0.16 2004-Jun-25, 0 devices found
[    1.087786] EDD information not available.
[    1.222049] Freeing unused kernel memory: 1492K
[    1.222931] Write protecting the kernel read-only data: 14336k
[    1.224445] Freeing unused kernel memory: 1584K
[    1.225461] Freeing unused kernel memory: 52K
Loading, please wait...
starting version 229
[    1.235576] random: systemd-udevd: uninitialized urandom read (16 bytes read, 3 bits of entropy available)
[    1.236044] random: udevadm: uninitialized urandom read (16 bytes read, 3 bits of entropy available)
[    1.236072] random: udevadm: uninitialized urandom read (16 bytes read, 3 bits of entropy available)
[    1.239517] random: systemd-udevd: uninitialized urandom read (16 bytes read, 3 bits of entropy available)
[    1.240547] random: systemd-udevd: uninitialized urandom read (16 bytes read, 3 bits of entropy available)
[    1.241618] random: systemd-udevd: uninitialized urandom read (16 bytes read, 3 bits of entropy available)
[    1.242600] random: udevadm: uninitialized urandom read (16 bytes read, 3 bits of entropy available)
[    1.242637] random: udevadm: uninitialized urandom read (16 bytes read, 3 bits of entropy available)
[    1.242821] random: udevadm: uninitialized urandom read (16 bytes read, 3 bits of entropy available)
[    1.242866] random: udevadm: uninitialized urandom read (16 bytes read, 3 bits of entropy available)
[    1.268807] Fusion MPT base driver 3.04.20
[    1.268810] e1000: Intel(R) PRO/1000 Network Driver - version 7.3.21-k8-NAPI
[    1.268811] e1000: Copyright (c) 1999-2006 Intel Corporation.
[    1.272021] Copyright (c) 1999-2008 LSI Corporation
[    1.283790] Fusion MPT SPI Host driver 3.04.20
[    1.286763] AVX2 version of gcm_enc/dec engaged.
[    1.287455] AES CTR mode by8 optimization enabled
[    1.484629] input: ImExPS/2 Generic Explorer Mouse as /devices/platform/i8042/serio1/input/input4
[    1.580456] e1000 0000:00:03.0 eth0: (PCI:33MHz:32-bit) 02:be:82:6b:cc:1d
[    1.581389] e1000 0000:00:03.0 eth0: Intel(R) PRO/1000 Network Connection
[    1.893995] e1000 0000:00:08.0 eth1: (PCI:33MHz:32-bit) 08:00:27:5e:99:6d
[    1.895125] e1000 0000:00:08.0 eth1: Intel(R) PRO/1000 Network Connection
[    1.897039] mptbase: ioc0: Initiating bringup
[    1.897189] e1000 0000:00:03.0 enp0s3: renamed from eth0
[    1.906223] e1000 0000:00:08.0 enp0s8: renamed from eth1
[    1.966175] ioc0: LSI53C1030 A0: Capabilities={Initiator}
[    2.130064] scsi host2: ioc0: LSI53C1030 A0, FwRev=00000000h, Ports=1, MaxQ=256, IRQ=20
[    2.242553] scsi 2:0:0:0: Direct-Access     VBOX     HARDDISK         1.0  PQ: 0 ANSI: 5
[    2.244993] scsi target2:0:0: Beginning Domain Validation
[    2.248142] scsi target2:0:0: Domain Validation skipping write tests
[    2.249850] scsi target2:0:0: Ending Domain Validation
[    2.251289] scsi target2:0:0: asynchronous
[    2.252917] scsi 2:0:1:0: Direct-Access     VBOX     HARDDISK         1.0  PQ: 0 ANSI: 5
[    2.255067] scsi target2:0:1: Beginning Domain Validation
[    2.257330] scsi target2:0:1: Domain Validation skipping write tests
[    2.258890] scsi target2:0:1: Ending Domain Validation
[    2.260252] scsi target2:0:1: asynchronous
[    2.274938] sd 2:0:0:0: Attached scsi generic sg0 type 0
[    2.276461] sd 2:0:0:0: [sda] 83886080 512-byte logical blocks: (42.9 GB/40.0 GiB)
[    2.276756] sd 2:0:1:0: Attached scsi generic sg1 type 0
[    2.276757] sd 2:0:1:0: [sdb] 20480 512-byte logical blocks: (10.5 MB/10.0 MiB)
[    2.276940] sd 2:0:1:0: [sdb] Write Protect is off
[    2.277025] sd 2:0:1:0: [sdb] Incomplete mode parameter data
[    2.277027] sd 2:0:1:0: [sdb] Assuming drive cache: write through
[    2.278801] sd 2:0:1:0: [sdb] Attached SCSI disk
[    2.287663] sd 2:0:0:0: [sda] Write Protect is off
[    2.289239] sd 2:0:0:0: [sda] Incomplete mode parameter data
[    2.290652] sd 2:0:0:0: [sda] Assuming drive cache: write through
[    2.294365]  sda: sda1
[    2.296174] sd 2:0:0:0: [sda] Attached SCSI disk
Begin: Loading essential drivers ... [    3.641637] md: linear personality registered for level -1
[    3.645228] md: multipath personality registered for level -4
[    3.647942] md: raid0 personality registered for level 0
[    3.652012] md: raid1 personality registered for level 1
[    3.725856] raid6: sse2x1   gen()  3045 MB/s
[    3.793837] raid6: sse2x1   xor()  7811 MB/s
[    3.861830] raid6: sse2x2   gen() 15917 MB/s
[    3.929882] raid6: sse2x2   xor() 10963 MB/s
[    3.997899] raid6: sse2x4   gen() 18216 MB/s
[    4.065883] raid6: sse2x4   xor() 10193 MB/s
[    4.133884] raid6: avx2x1   gen() 20023 MB/s
[    4.201882] raid6: avx2x2   gen() 34680 MB/s
[    4.269883] raid6: avx2x4   gen() 34399 MB/s
[    4.270486] raid6: using algorithm avx2x2 gen() 34680 MB/s
[    4.271160] raid6: using avx2x2 recovery algorithm
[    4.274093] xor: automatically using best checksumming function:
[    4.317887]    avx       :  5184.000 MB/sec
[    4.320783] async_tx: api initialized (async)
[    4.335708] md: raid6 personality registered for level 6
[    4.337293] md: raid5 personality registered for level 5
[    4.338814] md: raid4 personality registered for level 4
[    4.347272] md: raid10 personality registered for level 10
done.
Begin: Running /scripts/init-premount ... done.
Begin: Mounting root file system ... Begin: Running /scripts/local-top ... done.
Begin: Running /scripts/local-premount ... [    4.374293] Btrfs loaded
Scanning for Btrfs filesystems
done.
Warning: fsck not present, so skipping root file system
[    4.398895] EXT4-fs (sda1): mounted filesystem with ordered data mode. Opts: (null)
done.
Begin: Running /scripts/local-bottom ... done.
Begin: Running /scripts/init-bottom ... done.
[    4.460491] systemd[1]: systemd 229 running in system mode. (+PAM +AUDIT +SELINUX +IMA +APPARMOR +SMACK +SYSVINIT +UTMP +LIBCRYPTSETUP +GCRYPT +GNUTLS +ACL +XZ -LZ4 +SECCOMP +BLKID +ELFUTILS +KMOD -IDN)
[    4.463028] systemd[1]: Detected virtualization oracle.
[    4.463790] systemd[1]: Detected architecture x86-64.

Welcome to [1mUbuntu 16.04.7 LTS[0m!

[    4.466233] systemd[1]: Set hostname to <ubuntu>.
[    4.468147] systemd[1]: Initializing machine ID from random generator.
[    4.468968] systemd[1]: Installed transient /etc/machine-id file.
[    4.596336] systemd[1]: Listening on fsck to fsckd communication Socket.
[[0;32m  OK  [0m] Listening on fsck to fsckd communication Socket.
[    4.598096] systemd[1]: Listening on Journal Socket (/dev/log).
[[0;32m  OK  [0m] Listening on Journal Socket (/dev/log).
[    4.599470] systemd[1]: Listening on udev Kernel Socket.
[[0;32m  OK  [0m] Listening on udev Kernel Socket.
[    4.600760] systemd[1]: Reached target User and Group Name Lookups.
[[0;32m  OK  [0m] Reached target User and Group Name Lookups.
[    4.602269] systemd[1]: Listening on /dev/initctl Compatibility Named Pipe.
[[0;32m  OK  [0m] Listening on /dev/initctl Compatibility Named Pipe.
[    4.603777] systemd[1]: Reached target Encrypted Volumes.
[[0;32m  OK  [0m] Reached target Encrypted Volumes.
[    4.605029] systemd[1]: Listening on LVM2 poll daemon socket.
[[0;32m  OK  [0m] Listening on LVM2 poll daemon socket.
[    4.606554] systemd[1]: Created slice System Slice.
[[0;32m  OK  [0m] Created slice System Slice.
[    4.750769] systemd[1]: Listening on udev Control Socket.
[[0;32m  OK  [0m] Listening on udev Control Socket.
[    4.752762] systemd[1]: Started Trigger resolvconf update for networkd DNS.
[[0;32m  OK  [0m] Started Trigger resolvconf update for networkd DNS.
[    4.754313] systemd[1]: Set up automount Arbitrary Executable File Formats File System Automount Point.
[[0;32m  OK  [0m] Set up automount Arbitrary Executab...ats File System Automount Point.
[    4.911888] systemd[1]: Reached target Swap.
[[0;32m  OK  [0m] Reached target Swap.
[    4.914034] systemd[1]: Listening on Journal Audit Socket.
[[0;32m  OK  [0m] Listening on Journal Audit Socket.
[    5.063047] systemd[1]: Created slice system-serial\x2dgetty.slice.
[[0;32m  OK  [0m] Created slice system-serial\x2dgetty.slice.
[    5.065121] systemd[1]: Listening on LVM2 metadata daemon socket.
[[0;32m  OK  [0m] Listening on LVM2 metadata daemon socket.
[    5.067533] systemd[1]: Started Forward Password Requests to Wall Directory Watch.
[[0;32m  OK  [0m] Started Forward Password Requests to Wall Directory Watch.
[    5.070605] systemd[1]: Listening on Syslog Socket.
[[0;32m  OK  [0m] Listening on Syslog Socket.
[    5.144125] systemd[1]: Listening on Device-mapper event daemon FIFOs.
[[0;32m  OK  [0m] Listening on Device-mapper event daemon FIFOs.
[    5.145853] systemd[1]: Listening on Journal Socket.
[[0;32m  OK  [0m] Listening on Journal Socket.
[    5.310108] systemd[1]: Starting File System Check on Root Device...
         Starting File System Check on Root Device...
[    5.313840] systemd[1]: Starting Set console keymap...
         Starting Set console keymap...
[    5.317961] systemd[1]: Starting Journal Service...
         Starting Journal Service...
[    5.321823] systemd[1]: Starting Nameserver information manager...
         Starting Nameserver information manager...
[    5.326814] systemd[1]: Mounting Huge Pages File System...
         Mounting Huge Pages File System...
[    5.335106] systemd[1]: Mounting POSIX Message Queue File System...
         Mounting POSIX Message Queue File System...
[    5.338814] systemd[1]: Mounting Debug File System...
         Mounting Debug File System...
[    5.341346] systemd[1]: Starting Create list of required static device nodes for the current kernel...
         Starting Create list of required st... nodes for the current kernel...
[    5.343767] systemd[1]: Reached target System Time Synchronized.
[[0;32m  OK  [0m] Reached target System Time Synchronized.
[    5.347036] systemd[1]: Starting Monitoring of LVM2 mirrors, snapshots etc. using dmeventd or progress polling...
         Starting Monitoring of LVM2 mirrors... dmeventd or progress polling...
[    5.351915] systemd[1]: Starting Uncomplicated firewall...
         Starting Uncomplicated firewall...
[    5.354210] systemd[1]: Created slice User and Session Slice.
[[0;32m  OK  [0m] Created slice User and Session Slice.
[    5.358207] systemd[1]: Reached target Slices.
[[0;32m  OK  [0m] Reached target Slices.
[    5.363731] systemd[1]: Starting Load Kernel Modules...
         Starting Load Kernel Modules...
[    5.368605] systemd[1]: Mounted Huge Pages File System.
[[0;32m  OK  [0m] Mounted Huge Pages File System.
[    5.371672] systemd[1]: Mounted POSIX Message Queue File System.
[[0;32m  OK  [0m] Mounted POSIX Message Queue File System.
[    5.377974] Loading iSCSI transport class v2.0-870.
[    5.381999] systemd[1]: Mounted Debug File System.
[[0;32m  OK  [0m] Mounted Debug File System.
[    5.387924] iscsi: registered transport (tcp)
[    5.391090] systemd[1]: Started Journal Service.
[[0;32m  OK  [0m] Started Journal Service.
[[0;32m  OK  [0m] Started File System Check on Root Device.
[[0;32m  OK  [0m] Started Set console keymap.
[[0;32m  OK  [0m] Started Create list of required sta...ce nodes for the current kernel.
[[0;32m  OK  [0m] Started Uncomplicated firewall.
[[0;32m  OK  [0m] Started Nameserver information manager.
[[0;32m  OK  [0m] Started File System Check Daemon to report status.
[[0;32m  OK  [0m] Started LVM2 metadata daemon.
         Starting Create Static Device Nodes in /dev...
         Starting Remount Root and Kernel File Systems...
[    5.411774] iscsi: registered transport (iser)
[    5.413012] EXT4-fs (sda1): re-mounted. Opts: (null)
[[0;32m  OK  [0m] Started Load Kernel Modules.
[[0;32m  OK  [0m] Started Create Static Device Nodes in /dev.
[[0;32m  OK  [0m] Started Remount Root and Kernel File Systems.
         Starting Flush Journal to Persistent Storage...
         Starting udev Coldplug all Devices...
         Starting Load/Save Random Seed...
         Starting udev Kernel Device Manager...
         Mounting FUSE Control File System...
         Starting Apply Kernel Variables...
[[0;32m  OK  [0m] Mounted FUSE Control File System.
[[0;32m  OK  [0m] Started Load/Save Random Seed.
[[0;32m  OK  [0m] Started Apply Kernel Variables.
[[0;32m  OK  [0m] Started Flush Journal to Persistent Storage.
[[0;32m  OK  [0m] Started udev Kernel Device Manager.
[[0;32m  OK  [0m] Started udev Coldplug all Devices.
[[0;32m  OK  [0m] Started Dispatch Password Requests to Console Directory Watch.
[[0;32m  OK  [0m] Found device /dev/ttyS0.
[[0;32m  OK  [0m] Listening on Load/Save RF Kill Switch Status /dev/rfkill Watch.
[[0;32m  OK  [0m] Started Monitoring of LVM2 mirrors,...ng dmeventd or progress polling.
[[0;32m  OK  [0m] Reached target Local File Systems (Pre).
[[0;32m  OK  [0m] Reached target Local File Systems.
         Starting Commit a transient machine-id on disk...
         Starting Initial cloud-init job (pre-networking)...
         Starting Tell Plymouth To Write Out Runtime Data...
         Starting LSB: AppArmor initialization...
         Starting Create Volatile Files and Directories...
         Starting Set console font and keymap...
[[0;32m  OK  [0m] Started Create Volatile Files and Directories.
[[0;32m  OK  [0m] Started Tell Plymouth To Write Out Runtime Data.
         Starting Update UTMP about System Boot/Shutdown...
[[0;32m  OK  [0m] Started Commit a transient machine-id on disk.
[[0;32m  OK  [0m] Started Update UTMP about System Boot/Shutdown.
[[0;32m  OK  [0m] Started Set console font and keymap.
[[0;32m  OK  [0m] Created slice system-getty.slice.
[[0;32m  OK  [0m] Started LSB: AppArmor initialization.
         Starting Load AppArmor profiles managed internally by snapd...
[[0;32m  OK  [0m] Started Load AppArmor profiles managed internally by snapd.
[    6.099110] cloud-init[643]: Cloud-init v. 21.1-19-gbad84ad4-0ubuntu1~16.04.2 running 'init-local' at Sat, 18 Nov 2023 21:59:42 +0000. Up 5.91 seconds.
[[0;32m  OK  [0m] Started Initial cloud-init job (pre-networking).
[[0;32m  OK  [0m] Reached target Network (Pre).
         Starting Raise network interfaces...
[[0;32m  OK  [0m] Started Raise network interfaces.
[[0;32m  OK  [0m] Reached target Network.
         Starting Initial cloud-init job (metadata service crawler)...
[    7.152755] cloud-init[987]: Cloud-init v. 21.1-19-gbad84ad4-0ubuntu1~16.04.2 running 'init' at Sat, 18 Nov 2023 21:59:43 +0000. Up 6.56 seconds.
[    7.153531] cloud-init[987]: ci-info: ++++++++++++++++++++++++++++++++++++++Net device info+++++++++++++++++++++++++++++++++++++++
[    7.154422] cloud-init[987]: ci-info: +--------+-------+----------------------------+---------------+--------+-------------------+
[    7.155629] cloud-init[987]: ci-info: | Device |   Up  |          Address           |      Mask     | Scope  |     Hw-Address    |
[    7.160624] cloud-init[987]: ci-info: +--------+-------+----------------------------+---------------+--------+-------------------+
[    7.161383] cloud-init[987]: ci-info: | enp0s3 |  True |         10.0.2.15          | 255.255.255.0 | global | 02:be:82:6b:cc:1d |
[    7.162001] cloud-init[987]: ci-info: | enp0s3 |  True | fe80::be:82ff:fe6b:cc1d/64 |       .       |  link  | 02:be:82:6b:cc:1d |
[    7.162602] cloud-init[987]: ci-info: | enp0s8 | False |             .              |       .       |   .    | 08:00:27:5e:99:6d |
[    7.163201] cloud-init[987]: ci-info: |   lo   |  True |         127.0.0.1          |   255.0.0.0   |  host  |         .         |
[    7.163807] cloud-init[987]: ci-info: |   lo   |  True |          ::1/128           |       .       |  host  |         .         |
[    7.164430] cloud-init[987]: ci-info: +--------+-------+----------------------------+---------------+--------+-------------------+
[    7.165040] cloud-init[987]: ci-info: +++++++++++++++++++++++++++Route IPv4 info++++++++++++++++++++++++++++
[    7.172786] cloud-init[987]: ci-info: +-------+-------------+----------+---------------+-----------+-------+
[    7.173910] cloud-init[987]: ci-info: | Route | Destination | Gateway  |    Genmask    | Interface | Flags |
[    7.174650] cloud-init[987]: ci-info: +-------+-------------+----------+---------------+-----------+-------+
[    7.175223] cloud-init[987]: ci-info: |   0   |   0.0.0.0   | 10.0.2.2 |    0.0.0.0    |   enp0s3  |   UG  |
[    7.175781] cloud-init[987]: ci-info: |   1   |   10.0.2.0  | 0.0.0.0  | 255.255.255.0 |   enp0s3  |   U   |
[    7.176353] cloud-init[987]: ci-info: +-------+-------------+----------+---------------+-----------+-------+
[    7.176885] cloud-init[987]: ci-info: +++++++++++++++++++Route IPv6 info+++++++++++++++++++
[    7.177359] cloud-init[987]: ci-info: +-------+-------------+---------+-----------+-------+
[    7.177839] cloud-init[987]: ci-info: | Route | Destination | Gateway | Interface | Flags |
[    7.178316] cloud-init[987]: ci-info: +-------+-------------+---------+-----------+-------+
[    7.189370] cloud-init[987]: ci-info: |   0   |  fe80::/64  |    ::   |   enp0s3  |   U   |
[[0;32m  OK  [0m] Started Initial cloud-init job (metadata service crawler).
[[    7.189813] [0;32m  OK  [0mcloud-init] [987]: Reached target Cloud-config availability.ci-info: |   3   |   ff00::/8  |    ::   |   enp0s3  |   U   |

[    7.191115] cloud-init[987]: ci-info: +-------+-------------+---------+-----------+-------+
[    7.191188] cloud-init[987]: Generating public/private rsa key pair.
[    7.191269] cloud-init[987]: Your identification has been saved in /etc/ssh/ssh_host_rsa_key.
[    7.191414] cloud-init[987]: Your public key has been saved in /etc/ssh/ssh_host_rsa_key.pub.
[    7.191498] cloud-init[987]: The key fingerprint is:
[    7.191600] cloud-init[987]: SHA256:g/QyA8z4YgaP9xARYDDuc5Q66NHF05w3ck7nzRWNpw8 root@ubuntu-xenial
[    7.191682] cloud-init[987]: The key's randomart image is:
[    7.191723] cloud-init[987]: +---[RSA 2048]----+
[    7.191803] cloud-init[987]: |=oo.           o.|
[    7.191839] cloud-init[987]: |o. =o o .     . +|
[    7.191882] cloud-init[987]: |..oo++.= = .   + |
[    7.191931] cloud-init[987]: |o++o.o.o* + o E  |
[    7.191963] cloud-init[987]: |o*Bo. = S. . o o |
[    7.192072] cloud-init[987]: |.+=+   + .      .|
[    7.192163] cloud-init[987]: | .  .            |
[    7.192237] cloud-init[987]: |                 |
[    7.192314] cloud-init[987]: |                 |
[    7.192386] cloud-init[987]: +----[SHA256]-----+
[[0;32m  OK  [0m] Reached target System Initialization.
[[    7.192424] [0;32m  OK  [0mcloud-init] [987]: Started Message of the Day.Generating public/private dsa key pair.

[    7.195338] cloud-init[987]: Your identification has been saved in /etc/ssh/ssh_host_dsa_key.
[    7.195947] cloud-init[987]: Your public key has been saved in /etc/ssh/ssh_host_dsa_key.pub.
[    7.196081] cloud-init[987]: The key fingerprint is:
[    7.196149] cloud-init[987]: SHA256:mUoDcul0F1b3GM+p1yDeNM/FR5zA6PsXLfhB8jjWNFI root@ubuntu-xenial
[    7.196373] cloud-init[987]: The key's randomart image is:
[    7.196535] cloud-init[987]: +---[DSA 1024]----+
[    7.196586] cloud-init[987]: |        o.. =...o|
[    7.196736] cloud-init[987]: |     . . . o BE=.|
[    7.196846] cloud-init[987]: |  . = . . . o.O +|
[    7.196990] cloud-init[987]: |   = o . o oo=+*o|
[    7.197083] cloud-init[987]: |    . o S   +Xo.=|
[    7.197184] cloud-init[987]: |     . o   .=.=..|
[    7.197289] cloud-init[987]: |      .    ..o o.|
[    7.197382] cloud-init[987]: |             ... |
[    7.197478] cloud-init[987]: |              .  |
[    7.197576] cloud-init[987]: +----[SHA256]-----+
[    7.197674] cloud-init[987]: Generating public/private ecdsa key pair.
[    7.197721] cloud-init[987]: Your identification has been saved in /etc/ssh/ssh_host_ecdsa_key.
[    7.197781] cloud-init[987]: Your public key has been saved in /etc/ssh/ssh_host_ecdsa_key.pub.
[    7.197815] cloud-init[987]: The key fingerprint is:
[    7.197858] cloud-init[987]: SHA256:KD6Za7UtDVUJqOx9vg4eWNXqTjmlYrzPHK1iiv3KwVE root@ubuntu-xenial
[    7.197896] cloud-init[987]: The key's randomart image is:
[    7.197969] cloud-init[987]: +---[ECDSA 256]---+
[    7.198011] cloud-init[987]: |       ... .     |
[    7.198092] cloud-init[987]: |      .  .o      |
[    7.198133] cloud-init[987]: |   . .E ...      |
[    7.198178] cloud-init[987]: |    o. o..       |
[    7.198215] cloud-init[987]: |   .o.o.S .      |
[    7.198294] cloud-init[987]: |   o.O+..=       |
[    7.198381] cloud-init[987]: |    O.*BB .      |
[    7.198455] cloud-init[987]: |   +.*=X++       |
[    7.198541] cloud-init[987]: |  ..*=+=O.       |
[    7.198614] cloud-init[987]: +----[SHA256]-----+
[    7.198740] cloud-init[987]: Generating public/private ed25519 key pair.
[    7.198776] cloud-init[987]: Your identification has been saved in /etc/ssh/ssh_host_ed25519_key.
[    7.198818] cloud-init[987]: Your public key has been saved in /etc/ssh/ssh_host_ed25519_key.pub.
[    7.198856] cloud-init[987]: The key fingerprint is:
[    7.198930] cloud-init[987]: SHA256:TuE/mT0Zj74xFWe8NrccOWe+cC6UzChSQDCf0d2w2AM root@ubuntu-xenial
[    7.199005] cloud-init[987]: The key's randomart image is:
[    7.199090] cloud-init[987]: +--[ED25519 256]--+
[    7.199126] cloud-init[987]: |     ooo.E..o    |
[    7.199166] cloud-init[987]: |      o.o.+... . |
[    7.199355] cloud-init[987]: |       oo. +  . +|
[    7.199413] cloud-init[987]: |       . o  .  +o|
[    7.199447] cloud-init[987]: |        S   = oB+|
[    7.199521] cloud-init[987]: |       + o = @ooB|
[    7.199560] cloud-init[987]: |        o * O..+.|
[    7.199596] cloud-init[987]: |           o =+ .|
[    7.199682] cloud-init[987]: |            o..o |
[    7.199758] cloud-init[987]: +----[SHA256]-----+
         Starting LXD - unix socket.
[[0;32m  OK  [0m] Listening on UUID daemon activation socket.
         Starting Socket activation for snappy daemon.
[[0;32m  OK  [0m] Started Daily Cleanup of Temporary Directories.
[[0;32m  OK  [0m] Started ACPI Events Check.
[[0;32m  OK  [0m] Reached target Paths.
[[0;32m  OK  [0m] Started Ubuntu Advantage update messaging.
[[0;32m  OK  [0m] Listening on D-Bus System Message Bus Socket.
[[0;32m  OK  [0m] Listening on ACPID Listen Socket.
[[0;32m  OK  [0m] Started Daily apt download activities.
[[0;32m  OK  [0m] Started Daily apt upgrade and clean activities.
[[0;32m  OK  [0m] Reached target Timers.
[[0;32m  OK  [0m] Reached target Network is Online.
         Starting iSCSI initiator daemon (iscsid)...
[[0;32m  OK  [0m] Listening on LXD - unix socket.
[[0;32m  OK  [0m] Listening on Socket activation for snappy daemon.
[[0;32m  OK  [0m] Reached target Sockets.
[[0;32m  OK  [0m] Reached target Basic System.
         Starting LSB: Record successful boot for GRUB...
         Starting Virtualbox guest utils...
[[0;32m  OK  [0m] Started ACPI event daemon.
         Starting Login Service...
         Starting Pollinate to seed the pseudo random number generator...
         Starting /etc/rc.local Compatibility...
         Starting LSB: MD monitoring daemon...
[[0;32m  OK  [0m] Started D-Bus System Message Bus.
         Starting System Logging Service...
         Starting Accounts Service...
         Starting Snap Daemon...
[[0;32m  OK  [0m] Started Regular background program processing daemon.
[[0;32m  OK  [0m] Started Deferred execution scheduler.
[[0;32m  OK  [0m] Started FUSE filesystem for LXC.
         Starting LXD - container startup/shutdown...
[[0;32m  OK  [0m] Started System Logging Service.
[[0;32m  OK  [0m] Started iSCSI initiator daemon (iscsid).
[[0;32m  OK  [0m] Started /etc/rc.local Compatibility.
         Starting Login to default iSCSI targets...
[[0;32m  OK  [0m] Started Login Service.
[[0;32m  OK  [0m] Started Unattended Upgrades Shutdown.
[[0;32m  OK  [0m] Started Login to default iSCSI targets.
[[0;32m  OK  [0m] Reached target Remote File Systems (Pre).
[[0;32m  OK  [0m] Reached target Remote File Systems.
         Starting LSB: daemon to balance interrupts for SMP systems...
         Starting Permit User Sessions...
         Starting LSB: Set the CPU Frequency Scaling governor to "ondemand"...
         Starting LSB: automatic crash report generation...
[[0;32m  OK  [0m] Started LSB: Record successful boot for GRUB.
[[0;32m  OK  [0m] Started LSB: MD monitoring daemon.
[[0;32m  OK  [0m] Started Permit User Sessions.
         Starting Authenticate and Authorize Users to Run Privileged Tasks...
         Starting Terminate Plymouth Boot Screen...
         Starting Hold until boot process finishes up...
[[0;32m  OK  [0m] Started LSB: daemon to balance interrupts for SMP systems.
[[0;32m  OK  [0m] Started LXD - container startup/shutdown.
[[0;32m  OK  [0m] Started LSB: Set the CPU Frequency Scaling governor to "ondemand".
[[0;32m  OK  [0m] Started LSB: automatic crash report generation.
[[0;32m  OK  [0m] Started Terminate Plymouth Boot Screen.
[[0;32m  OK  [0m] Started Hold until boot process finishes up.
[[0;32m  OK  [0m] Started Virtualbox guest utils.
         Starting Set console scheme...
[[0;32m  OK  [0m] Started Serial Getty on ttyS0.
[[0;32m  OK  [0m] Started Getty on tty1.
[[0;32m  OK  [0m] Reached target Login Prompts.
[[0;32m  OK  [0m] Started Set console scheme.
[[0;32m  OK  [0m] Started Authenticate and Authorize Users to Run Privileged Tasks.
[[0;32m  OK  [0m] Started Accounts Service.
[[0;32m  OK  [0m] Started Snap Daemon.
         Starting Wait until snapd is fully seeded...
[[0;32m  OK  [0m] Started Pollinate to seed the pseudo random number generator.
         Starting OpenBSD Secure Shell server...
[[0;32m  OK  [0m] Started OpenBSD Secure Shell server.
[[0;32m  OK  [0m] Started Wait until snapd is fully seeded.
         Starting Apply the settings specified in cloud-config...
[[0;32m  OK  [0m] Reached target Multi-User System.
[[0;32m  OK  [0m] Reached target Graphical Interface.
         Starting Update UTMP about System Runlevel Changes...
[[0;32m  OK  [0m] Started Update UTMP about System Runlevel Changes.
[    8.891476] cloud-init[1328]: Generating locales (this might take a while)...
[    9.407439] cloud-init[1328]:   en_US.UTF-8... done
[    9.408264] cloud-init[1328]: Generation complete.
[    9.586751] cloud-init[1328]: Cloud-init v. 21.1-19-gbad84ad4-0ubuntu1~16.04.2 running 'modules:config' at Sat, 18 Nov 2023 21:59:45 +0000. Up 8.82 seconds.
[[0;32m  OK  [0m] Started Apply the settings specified in cloud-config.
         Starting Execute cloud user/final scripts...
ci-info: no authorized SSH keys fingerprints found for user ubuntu.
<14>Nov 18 21:59:46 ec2: 
<14>Nov 18 21:59:46 ec2: #############################################################
<14>Nov 18 21:59:46 ec2: -----BEGIN SSH HOST KEY FINGERPRINTS-----
<14>Nov 18 21:59:46 ec2: 1024 SHA256:mUoDcul0F1b3GM+p1yDeNM/FR5zA6PsXLfhB8jjWNFI root@ubuntu-xenial (DSA)
<14>Nov 18 21:59:46 ec2: 256 SHA256:KD6Za7UtDVUJqOx9vg4eWNXqTjmlYrzPHK1iiv3KwVE root@ubuntu-xenial (ECDSA)
<14>Nov 18 21:59:46 ec2: 256 SHA256:TuE/mT0Zj74xFWe8NrccOWe+cC6UzChSQDCf0d2w2AM root@ubuntu-xenial (ED25519)
<14>Nov 18 21:59:46 ec2: 2048 SHA256:g/QyA8z4YgaP9xARYDDuc5Q66NHF05w3ck7nzRWNpw8 root@ubuntu-xenial (RSA)
<14>Nov 18 21:59:46 ec2: -----END SSH HOST KEY FINGERPRINTS-----
<14>Nov 18 21:59:46 ec2: #############################################################
-----BEGIN SSH HOST KEY KEYS-----
ecdsa-sha2-nistp256 AAAAE2VjZHNhLXNoYTItbmlzdHAyNTYAAAAIbmlzdHAyNTYAAABBBNDxGzzuHWLaRjeWuOTBYL4QJG0EXXNuq5xYa6FNrqsticp7TMcTzq3FsVRYdq+RRUG2rugwWHE8Hb4tOlePX8c= root@ubuntu-xenial
ssh-ed25519 AAAAC3NzaC1lZDI1NTE5AAAAIFrxyNufWCfiKdvyOjLWnM0x5yQ4SFi3e1XB8rAnUGEc root@ubuntu-xenial
ssh-rsa AAAAB3NzaC1yc2EAAAADAQABAAABAQDCXpJ9sT3KVvKUnt34b5jFMf86LZm8r0y65R4z5Ig36nzjcmowDBrTW8ZeRRB3Bt+dpkqs7E7tiYnKgDgvoV1VNmMEtgnqO4US7K8GGXylKqraTE96FmUX7/zOlcxyWCaDqfbtX+8agntBXSCWYNYLkqPX6C6p6DJzNBJdoRppSt0OC8qgqD0hW0gP13JFc2mY4Znosboe+cTko383KMxwwfYH0EFA568GInHTF08xvtUGMCn+3D7OJts/5Nxb2+1aop6fNXCI/T4ptJJtnMCExJyXMtGAl1vaZ/K/fPuksDCPX63UyQ07EI6WgSoztbTOYUBykpTIboyJPzRCgR9p root@ubuntu-xenial
-----END SSH HOST KEY KEYS-----
[    9.931450] cloud-init[1371]: Cloud-init v. 21.1-19-gbad84ad4-0ubuntu1~16.04.2 running 'modules:final' at Sat, 18 Nov 2023 21:59:46 +0000. Up 9.83 seconds.
[    9.932327] cloud-init[1371]: ci-info: no authorized SSH keys fingerprints found for user ubuntu.
[    9.940213] cloud-init[1371]: Cloud-init v. 21.1-19-gbad84ad4-0ubuntu1~16.04.2 finished at Sat, 18 Nov 2023 21:59:46 +0000. Datasource DataSourceNoCloud [seed=/dev/sdb][dsmode=net].  Up 9.92 seconds
[[0;32m  OK  [0m] Started Execute cloud user/final scripts.
[[0;32m  OK  [0m] Reached target Cloud-init target.

Ubuntu 16.04.7 LTS ubuntu-xenial ttyS0

ubuntu-xenial login: 